8013cb24:main_statusWinDisp
801648e8:main_winRootMain
80155978:main_compare_func3_r
80155ab0:main_compare_func3
80173060:main_mapGX
80173b9c:main_winGetMapTplName
80174df4:main_winLogMain
80176d30:main_winLogInit
8017274c:main_monoshiriGX
80171034:main_monosiri_disp
8017df24:main_winMain
8017ebd4:main_winGetPtr
0x9,1,10600:gor_irai_init_func
0xa,1,820:gra_evt_kagemario_init
0xd,1,4de8:jin_evt_kagemario_init
0x1b,1,1a44:usu_evt_kagemario_init
0x16,1,cf8:rsh_prolog
0x2,1,24d4:aji_check_kou_evt
0x2,1,3668:aji_mario_chk
801141bc:main_BattleInformationSetDropMaterial
8011c350:main_rule_disp
80137874:main_tou_gamen_screen_tev_init
0x3,1,724:bom_bom1000_jump
0x3,1,b14:bom_jump_minnnanokoe
80200730:countDownStop
80200768:countDownEnd
80085648:main_setupDataLoad
801fa1c8:main_badgeShop_bargainGeneration
801fa1c8:main_badgeShop_init
801fb0c8:main_johoya_data_make
0x9,1,9f04:gor_keijiban_data_make
0x17,1,2074:sys_prolog
800ee748:main_evt_shop_main_func
801ff784:main_uranaisi_data_make_next
801ff514:main_uranaisi_data_make_starpiece
801ff2a4:main_uranaisi_data_make_supercoin
0x9,1,50cc:gor_monosiri_check
0x9,1,9818:gor_evt_exchange_msg_set
0x9,1,9b44:gor_exchange_ret_tbl_no
0x9,1,9a34:gor_exchange_ryokin_medal
8001b094:main_iconEntry
800d9934:main__psndSFXOn
800dabac:main_psndBGMOff_f_d
800daf24:main_psndBGMOn_f_d
800736ec:main_battle_exit
80073f20:main_seq_battleInit
0x1a,1,2f10:tou2_disp_proc
0x1a,1,3dbc:tou2_evt_tou_get_fighter_battle_msg
0x1a,1,3f60:tou2_evt_tou_get_fighter_info
0x1a,1,3edc:tou2_evt_tou_get_fighter_name2
0x1a,1,39d4:tou2_evt_tou_get_rule_info
0x1a,1,38a0:tou2_evt_tou_get_rule_msg2
0x1a,1,3618:tou2_printRanking
0x1a,1,4d00:tou2_rankingInit
0x19,1,fa8:tou_disp_proc
0x19,1,1c20:tou_evt_tou_get_fighter_battle_msg
0x19,1,1dc4:tou_evt_tou_get_fighter_info
0x19,1,1d40:tou_evt_tou_get_fighter_name2
0x19,1,1a6c:tou_evt_tou_get_rule_info
0x19,1,1e64:tou_evt_tou_get_next_match
0x19,1,1938:tou_evt_tou_get_rule_msg2
0x19,1,d6c:tou_evt_tou_print_ranking
0x19,1,a3c:tou_gans_tex
0x19,1,890:tou_make_monitor
0x19,1,16b0:tou_printRanking
0x19,1,3108:tou_rankingInit
0x19,1,5e8:tou_chk
0x1a,1,10f0:tou2_screen_init
8023d624:main_winMgrSelectEntry
801f9abc:main_evt_badgeShop_starmaniac_get_kind_cnt
801fa010:main_badgeShop_get
801f9f0c:main_badgeShop_add
80064944:main_evt_mobj_kururing_floor
80064b28:main_mobj_kururing_floor
800663b8:main_mobj_powerupblk
800f10ec:main_breakfast
802c075c:str_pik_04_802c075c
802c0378:str_bom_02_802c0378
802ed418:str_breakfast_802ed418
804165e8:main_wp_breakfast
800d214c:preventDiaryTextboxSelectionAddress
8033ca20:main_buy_evt
80308394:main_mail_evt_nok_01
80308494:main_mail_evt_gor_03
803085f0:main_mail_evt_gor_02
8030874c:main_mail_evt_gor_01
80308840:main_mail_evt_gor_04
803089c4:main_mail_evt_rsh_03_a
80308ab8:main_mail_evt_hom_00
80308bac:main_mail_evt_gor_02_2
80308ca0:main_mail_evt_bom_01
80308da4:main_mail_evt_tik_00
80308ee4:main_mail_evt_win_01
80308fd8:main_mail_evt_tou_01
803090e4:main_mail_evt_usu_01
803091d8:main_mail_evt_gor_01_2
8030934c:main_mail_evt_rsh_03_a_2
80309440:main_mail_evt_pik_00
8030b4ec:main_mobj_save_blk_sysevt
80372ec4:main_init_event
80378b7c:evt_lecture_msg
800050b4:memset
8000519c:memcpy
80005634:memcpy_as4
80005654:mtxGetRotationElement
8000598c:sysMsec2FrameFloat
800059cc:sysMsec2Frame
800059f4:sysFrame2SecFloat
80005a00:getV60FPS
80005ad8:sysDummyDraw
80005ce4:sysWaitDrawSync
80005d90:sysGetToken
80005da0:irand
80005de4:movePos
80005e8c:sincosf
80005f04:padGetRumbleStatus
80005f14:padRumbleHardOff
80005f28:padRumbleOff
80005f3c:padRumbleOn
80005f50:keyGetSubStickY
80005f60:keyGetStickY
80005f70:keyGetStickX
80005f80:keyGetButtonTrg
80005f94:keyGetDirTrg
80005fa8:keyGetButtonRep
80005fbc:keyGetDirRep
80005fd0:keyGetButton
80005fe4:keyGetDir
80005ff8:makeKey
800064fc:qqsort
80006c8c:intplGetValue
8000703c:angleABf
800071f0:compAngle
8000722c:distABf
80007328:reviseAngle
80007388:getMarioStDvdRoot
80415fd0:_globalWorkPtr
802bf160:R_build_date
802bf16c:R_build_time
80008724:seq_mapChangeExit
8041e5a8:_next_bero
8041e5c8:_next_map
8041e5e8:_next_area
80009ae8:L_titleInit
80414fa0:seqTitleWorkPtr2
80010864:dispGetCurWork
8001086c:dispCalcZ
80010900:dispDraw
80010b5c:dispSort
80010bc4:dispEntry
80010c64:dispReInit
80010c70:dispInit
80010cf4:fadeReset
80013368:fadeEntry
80013cec:hitBindUpdate
80013df8:hitBindMapObj
80013ef0:hitGetDamageReturnPos
80013efc:hitGrpDamageReturnSet
80014310:hitGetAttr
80014328:hitGetName
800143c4:hitObjGetNormal
8001449c:hitObjGetPos
80014b58:hitNameToPtr
80014c08:hitCheckSphereFilter
800151a0:hitCheckAttr
800152ec:hitCheckVecHitObjXZ
8001577c:hitCheckFilter
800158a4:hitCheckVecFilter
80016f08:hitReCalcMatrix
80016f68:hitGrpAttrOff
80017040:hitGrpAttrOn
8001773c:hitObjAttrOff
80017810:hitObjAttrOn
800178e4:hitGrpFlagOff
800179bc:hitGrpFlagOn
800180bc:hitObjFlagOff
80018190:hitObjFlagOn
80018264:hitMain
800184b0:hitDelete
800185e8:hitEntryMOBJ
80018658:hitEntry
80018df8:hitReInit
80018e98:hitInit
80019120:iconNumberDispGx
8001a29c:iconGetTexObj
8001a918:iconDispGx
8001a93c:iconDispGxAlpha
8002e1e4:seqCheckSeq
8002e200:seqGetNextSeq
8002e208:seqGetPrevSeq
8002e210:seqGetSeq
8002e218:seqSetSeq
8002e228:seqMain
8002e304:seqInit_MARIOSTORY
8041e778:nextMap
8041e780:seqWork
8002f33c:smartTexObj
8002f378:smartGarbage
8002f540:smartAlloc
8002f878:smartFree
8002f9cc:smartAutoFree
8002fa70:smartReInit
8002fbe0:smartInit
8002fdc4:_mapFree
8002fe60:_mapAllocTail
8002ff58:_mapAlloc
800300c4:__memFree
800300f0:__memAlloc
80030154:memClear
80030218:memInit
804151e0:_smartWorkPtr
8041e808:mapalloc_base_ptr
8041e80c:R_battlemapalloc_base_ptr
8041e814:R_battlemapalloc_size
800304bc:evtSetFloat
80030840:evtGetFloat
80030cfc:evtSetValue
800310fc:evtGetNumber
80031260:evtGetValue
80035a28:evtGetPtrID
80035a88:evtGetPtr
80035ac4:evtStartOther
80035b4c:evtStopOther
80035bd4:evtStartAll
80035c68:evtStopAll
80035cfc:evtStartID
80035d9c:evtStopID
80035e3c:evtStart
80036210:evtStop
800365e4:evtSetType
800365ec:evtSetSpeed
800365fc:evtSetPri
80036604:evtCheckID
80036664:evtDeleteID
80036700:evtDelete
800368d0:evtmgrMain
80036abc:evtRestart
80036c04:evtBrotherEntry
80036eec:evtChildEntry
80037220:evtEntryType
800374ac:evtEntry
800377b0:evtmgrReInit
8003781c:evtmgrInit
80037a60:evtGetWork
80037c8c:evt_mapdisp_onoff
80037ccc:evt_map_replace_mapobj
80037da4:evt_map_entry_airport_harbor
80037f40:check2
80037fcc:check
80038058:evt_map_get_flush_color
800380ec:evt_map_set_flush_color
800381b4:evt_map_set_flush_onoff
80038250:evt_map_set_tevcallback
800382b0:evt_mapobj_get_position
8003837c:evt_mapobj_clear_offscreen
800383e0:evt_mapobj_set_offscreen
80038468:evt_mapobj_flag_onoff
80038510:evt_map_set_playrate
80038568:evt_map_replayanim
800385cc:evt_map_pauseanim
80038630:evt_map_checkanim
800386a8:evt_map_playanim
80038724:evt_mapobj_color
80038814:evt_map_blend_set_mobj_flag
800388b0:evt_map_blend_set_flag
80038a88:evt_map_blend_off
80038ac8:evt_map_set_blend
80038b9c:evt_map_fog_onoff
80038bdc:evt_map_get_fog
80038c88:evt_map_set_fog
80038d68:evt_mapobj_scale
80038e38:evt_mapobj_rotate
80038f08:evt_mapobj_trans
80038fd8:relSetBtlAddr
80039088:relSetEvtAddr
800391e0:areaDataPtr
80039278:mapDataPtr
800393c4:animPoseGetGroupName
80039400:animPoseGetGroupIdx
800394ac:animPoseGetShapeIdx
80039558:animPoseDrawShape
800397f0:animPoseSetDispCallBack
8003980c:animPoseGetVivianType
80039824:animPoseVivianMain
8003985c:animPoseWorldMatrixEvalOn
80039914:L_animPoseWorldPositionEvalOff
8003996c:animPoseWorldPositionEvalOn
80039c0c:animPoseTestXLU
80039c44:animPoseGetCurrentAnim
80039c84:animPoseGetAnimBaseDataPtr
80039cb4:animPoseGetAnimDataPtr
80039cf8:animPoseGetAnimPosePtr
80039d0c:animGroupBaseAsync
80039e40:animSetPaperTexMtx
80039f0c:animPoseDisp_MakeExtTexture
8003b028:animPoseAutoRelease
8003b1f4:animPaperPoseRelease
8003b2d0:animPoseRelease
8003b464:animSetPaperTexObj
8003b4d8:animPoseDrawMtx
8003bc68:_animPoseDrawMtx
8003c450:animPoseDraw
8003ed2c:animPoseMain
8004066c:animPoseGetMaterialEvtColor
80040684:animPoseGetMaterialLightFlag
8004069c:animPoseGetMaterialFlag
800406b4:animPoseSetMaterialEvtColor
800406d0:animPoseSetMaterialLightFlagOff
800406f0:animPoseSetMaterialLightFlagOn
80040710:animPoseSetMaterialFlagOff
80040730:animPoseSetMaterialFlagOn
80040750:animPoseGetPeraEnd
8004079c:animPoseGetLoopTimes
800407b4:animPoseGetHeight
80040818:animPoseGetRadius
8004087c:animPoseSetGXFunc
80040898:animPoseSetEffectAnim
80040a28:animPoseSetEffect
80040ca4:animPoseSetPaperAnim
80040e04:animPoseSetPaperAnimGroup
8004108c:animPaperPoseGetId
80041170:animPoseSetAnim
800412ec:animPoseSetStartTime
8004130c:animPoseSetLocalTime
8004142c:animPoseSetLocalTimeRate
80041444:animPosePaperPeraOff
8004146c:animPosePaperPeraOn
800414b0:animPosePeraOff
800414cc:animPosePeraOn
800414e8:animEffectAsync
80041620:animPaperPoseEntry
8004176c:animPoseEntry
80041c58:animPoseBattleInit
80041c84:animPoseRefresh
8004281c:animMain
80042854:animInit
80042ea8:animTimeGetTime
80042f30:animGetPtr
80042f38:fbatPreventMarioEventChk
80042f6c:npcCheckBlow
800430ac:npcCalcScore
800431b4:fbatSandersBombTriggerOn
800431c8:npcKoopaModeMobjBoundDeadCheck
80043290:npcKoopaModeEncountCheck
8004340c:npcClearDeadInfo
80043440:npcGetBackItemEntry
80043604:npcExecAllReglEvt
800436c4:npcWaitAllInitEvtEnd
80043798:npcExecAllInitEvt
80043864:dbGetDefData
800438d4:npcSetLink
800438e0:npcSetSlave
800438f4:npcSetBtlSetupWork
80043904:npcGetBtlSetupWork
80043914:npcBlurOff
800439b8:npcBlurOn
80043ad4:npcSetColor
80043b60:npcStartForOneEvent
80043bc8:npcStartForEvent
80043c78:npcStopForOneEvent
80043cd8:npcStopForEvent
80043d80:npcSetBattleInfo
80043e78:npcSetupBattleInfo
800440f8:npcCheckInterrupt
8004482c:fbatHitCheck
80046604:fbatHitCheckAll
8004662c:fbatNpcTalkCheck
8004668c:npcGroupDead
80046a78:fbatBattleMode
800470dc:fbatTalkMode
8004727c:fbatEncountCheck
80048180:fbatSetAttackAnnounceEnable
80048194:fbatSetAttackAnnounce
8004828c:fbatChangeMode
8004829c:fbatGetPointer
800482a8:npcNearDistCheck
80048418:npcHitCheckSide
80048d30:npcTransRytoFaceDir
80048d6c:npcTuningRy
80049644:npcSetStayPose
8004979c:npcSetTalkPose
800498f4:npcSetMarioAutoTalkPose
80049934:npcNameToPtr_NoAssert
800499e0:npcNameToPtr
80049a7c:npcMain
8004b420:npcDeleteGroup
8004b708:npcDelete
8004b828:npcGetTribe
8004b894:npcEntry
8004bae4:npcGetReactionOfLivingBody
8004bafc:npcReset
8004bb70:npcInit
8004cd38:npcRecoveryFiledNpc
8004ce58:npcReleaseFiledNpc
8004cf6c:npcGetWorkPtr
8004cf88:evt_npc_release_filednpc
8004cfe8:evt_npc_sound_data_set
8004d0f4:evt_npc_sound_data_reset
8004d3cc:evt_fbat_trans_floor_position
8004d514:evt_npc_kamek_kemuri2
8004d614:evt_npc_kamek_kemuri1
8004d6a8:evt_npc_kamek_move_position
8004decc:evt_npc_calc_score
8004df18:evt_npc_get_kpencount_type
8004df74:evt_npc_majo_disp_off
8004e1ac:evt_npc_majo_disp_on
8004e508:evt_npc_set_autotalkpose
8004e5c0:evt_npc_set_tribe
8004e6c4:evt_npc_set_balloontype
8004e720:evt_npc_wait_msec
8004e7f4:evt_npc_set_unitwork
8004e868:evt_npc_get_unitwork
8004e8d8:evt_npc_getback_item_entry
8004e924:evt_npc_get_drop_coin
8004ea40:evt_npc_get_drop_flower
8004eb00:evt_npc_get_drop_heart
8004ebc0:evt_npc_get_drop_item
8004ec34:evt_npc_get_drop_fixitem
8004ec8c:evt_npc_set_link
8004ed0c:evt_npc_set_btlsetup_work
8004ed88:evt_npc_get_btlsetup_work
8004ee00:evt_npc_get_battle_rule_keep_result
8004ee4c:evt_npc_check_escape_battle
8004ee88:evt_npc_get_battle_result
8004eed8:evt_npc_wait_battle_end
8004ef54:evt_npc_battle_start
8004f00c:evt_npc_set_battle_rule
8004f090:evt_npc_set_battle_info
8004f0f4:evt_npc_set_attack_mode
8004f150:evt_npc_check
8004f1b8:evt_npc_blur_onoff
8004f228:evt_npc_set_color
8004f2dc:evt_npc_set_offscreen
8004f35c:evt_npc_change_fbat_mode
8004f390:evt_npc_start_for_one_event
8004f3dc:evt_npc_stop_for_one_event
8004f428:evt_npc_start_for_event
8004f44c:evt_npc_stop_for_event
8004f470:evtNpcNameToPtr_NoAssert
8004f5d8:evtNpcNameToPtr
8004f740:evt_npc_facedirection_add
8004f83c:evt_npc_restart_regular_event
8004f894:evt_npc_get_reglid
8004f8ec:evt_npc_change_interrupt
8004f99c:evt_npc_get_loiter_dir
8004fa88:evt_npc_add_dirdist
8004fb98:evt_set_dir_to_home
8004fc08:evt_set_dir_to_target
8004fc80:evt_get_target_dir
8004fdc0:evt_npc_set_camid
8004fe1c:evt_npc_pera_onoff
8004fea0:evt_npc_status_check
8004ff0c:evt_npc_status_onoff
8004ffa8:evt_npc_reaction_flag_onoff
80050044:evt_npc_flag_check
800500b0:evt_npc_flag_onoff
8005014c:evt_npc_wait_anim
800501c8:evt_npc_wait_pera
80050224:evt_npc_set_force_regl_anim
800502a0:evt_npc_clear_paper
800502f8:evt_npc_set_paper_anim
80050364:evt_npc_set_paper
800503dc:evt_npc_set_run_anim
80050458:evt_npc_set_walk_anim
800504d4:evt_npc_set_talk_anim
80050550:evt_npc_set_stay_anim
800505cc:evt_npc_set_stop_anim
80050648:evt_npc_set_confuse_anim
800506c4:evt_npc_set_damage_anim
80050740:evt_npc_set_anim
800507c8:evt_npc_get_dir
8005082c:evt_npc_reverse_ry
8005088c:evt_npc_set_ry_lr
80050988:evt_npc_set_ry
800509ec:_intplGetFloat
80050bcc:evt_npc_homing_target
80051268:evt_npc_return_interrupt
800512bc:evt_npc_glide_position
80051868:evt_npc_jump_position_nohit
80051bcc:evt_npc_jump_position
80052254:evt_npc_move_position
800528e4:evt_npc_set_rotate_offset
80052a30:evt_npc_add_rotate
80052b5c:evt_npc_set_rotate
80052ca8:evt_npc_get_rotate
80052d2c:evt_npc_set_home_position
80052e14:evt_npc_get_home_position
80052e98:evt_npc_get_position
80052f1c:evt_npc_get_scale
80052fa0:evt_npc_set_scale
80053034:evt_npc_get_height
80053090:evt_npc_set_height
800530f4:evt_npc_set_width
80053158:evt_npc_set_position
8005323c:evt_npc_setup
800534c4:evt_npc_get_ReactionOfLivingBody
80053518:evt_npc_check_delete
8005356c:evt_npc_delete
800535b8:evt_npc_slave_entry
800536e4:evt_npc_entry
80054cc4:evt_sub_status_gauge_check_update
80054d2c:evt_sub_status_gauge_force_close
80054d50:evt_sub_status_gauge_force_open
80054da8:evt_sub_get_mapname
80056064:evt_sub_intpl_get_value
80056120:evt_sub_intpl_init
800561b8:toFrontPose
800566cc:toRearPose
80056be0:marioDisp
8005710c:marioDispBlur
80057290:marioDispBlurSub
80057878:marioPreDisp
80057cfc:marioRearAnime
800583a8:marioMakeDispDir
80058908:marioGetScale
80058928:marioChkInScreen
80058960:marioGetScreenPos
800589e4:marioPaperLightOff
80058a10:marioPaperOff
80058a90:marioPaperOn
80058ba8:marioSetPaperAnimeLocalTime
80058c68:marioChgPaper
80058cf0:marioChgPoseTime
80058d84:marioChgPose
80058f9c:toDotMarioPose
80059124:marioChgEvtPose
800593fc:marioAnimeId
8005942c:marioChkPushAnime
800594a8:marioMoveMain
80059a78:marioMove
8005a634:marioCtrlOff2Main
8005a7e0:marioMain
8005b1d8:marioReInit
8005b5c8:marioInit
8005ba50:marioPoseInit
8005bae8:marioSoundInit
8005bb08:marioOfsRotReset
8005bb78:marioReset
8005bda0:marioResetHitObj
8005bf3c:marioChkSts
8005bfdc:marioBgmodeOff
8005c0a0:marioBgmodeOn
8005c164:marioBgmodeChk
8005c174:marioSetMutekiTime
8005c1c0:marioKeyOn
8005c1f4:marioKeyOff
8005c21c:marioCtrlOn2
8005c25c:marioCtrlOff2
8005c290:marioCtrlOn
8005c2c4:marioCtrlOff
8005c2ec:marioKeyOffChk
8005c2fc:marioCtrlOffChk
8005c30c:marioFBattlePost
8005c3cc:marioFBattlePrepare
8005c464:marioChkCtrl
8005c47c:marioChkKey
8005c5b8:marioCheckMenuDisable
8005ca58:marioCaseEventValidChk
8005ca98:marioItemGetOk
8005caac:marioItemGetChk
8005cae8:marioItemGetDisable
8005cb04:marioEntry
8005cda8:marioSetSpec
8005ce40:marioSetFamicomMode
8005d740:marioSetCharMode
8005e0b0:marioGetColor
8005e0c0:marioGetPtr
8005f4d8:mobjCalcMtx
8005f8ac:mobjNameToPtr
800617f8:evt_mobj_koopa_pole
800622d4:evt_mobj_koopa_fireber_dodai
80062b14:evt_mobj_koopa_sango
800631b0:evt_mobj_koopa_dokan
80063588:evt_mobj_koopa_blk
80063828:evt_mobj_koopa_hidden_blk
800639cc:evt_mobj_koopa_badgeblk
80063e5c:evt_mobj_koopa_brick
80064384:evt_mobj_koopa_stone_blk
800644e8:evt_mobj_koopa_ojama_blk
80064944:evt_mobj_kururing_floor
80065644:evt_mobj_breaking_floor
8006598c:evt_mobj_brick
80066238:evt_mobj_powerupblk
8006663c:evt_mobj_badgeblk
80066af4:evt_mobj_blk
80066dd4:evt_mobj_save_blk
800670e4:evt_mobj_recovery_blk
80067878:evt_mobj_signboard
80067a4c:evt_mobj_itembox
800682ac:evt_mobj_lock
800688b4:evt_mobj_lock_unlock
8006894c:evt_mobj_switch_float_blk
80069220:evt_mobj_float_blk
80069638:evt_mobj_lv_blk
80069c74:evt_mobj_jumpstand_blue
8006a020:evt_mobj_jumpstand_red
8006a404:evt_mobj_rideswitch_lightblue
8006a828:evt_mobj_timerswitch
8006ada0:evt_mobj_floatswitch_red
8006af04:evt_mobj_switch_red
8006b1c0:evt_mobj_tornadoswitch_blue
8006b324:evt_mobj_floatswitch_blue
8006b488:evt_mobj_switch_blue
8006b760:evt_mobj_hit_onoff
8006b820:evt_mobj_hitevt_onoff
8006b8c4:evt_mobj_set_camid
8006b948:evt_mobj_wait_animation_end
8006b9c8:evt_mobj_set_anim
8006ba5c:evt_mobj_set_gravity_bound
8006bb08:evt_mobj_exec_cancel
8006bb7c:evt_mobj_set_z_position
8006bc38:evt_mobj_set_y_position
8006bcf4:evt_mobj_set_x_position
8006bdb0:evt_mobj_set_position
8006bebc:evt_mobj_get_z_position
8006bf3c:evt_mobj_get_y_position
8006bfbc:evt_mobj_get_x_position
8006c03c:evt_mobj_get_position
8006c0dc:evt_mobj_set_scale
8006c1d8:evt_mobj_get_kindname
8006c230:evt_mobj_flag_onoff
8006c2b4:evt_mobj_check
8006c308:evt_mobj_delete
8006c338:evt_mobj_entry
8006e3c4:evt_paper_entry
8006c3c4:evt_eff_fukidashi
8006c7a0:evt_eff64
8006d970:evt_eff
8006eed8:gcRumbleCheck
8006f1e0:gcDvdCheckThread
8006f404:viPostCallback
8006f7bc:marioStGetSystemLevel
8006f7c8:marioStSystemLevel
8006f8dc:marioStDisp
8006f904:marioStMain
8006fb3c:marioStInit
80415fd0:g_MarioSt
80070110:evt_run_case_evt
80073b24:seq_battleMain
80073f00:seq_battleExit
80074720:_JUTFont_DrawPos
80074bfc:JUTFont_DrawStart
80074e90:JUTFont_CodeToGlyph
80075004:JUTFontSetup
800752fc:HSV2RGB
80075528:FontGetMessageWidth
8007554c:FontGetMessageWidthLine
8007586c:kanjiGetWidth
800758e4:kanjiSearch
80075904:hankakuSearch
80075928:FontDrawMessageMtx
80075fcc:FontDrawMessage
800766e0:FontDrawStringShake
80076a10:FontDrawStringCenterMtx
80076cdc:FontDrawStringMtx
80077034:FontDrawStringVecPitch
80077368:FontDrawStringPitch
800773d0:FontDrawString
80077438:FontDrawCodeMtx
80077594:FontDrawCode
8007773c:FontDrawScaleVec
80077758:FontDrawScale
8007776c:FontGetDrawColor
80077774:FontDrawColor_
800777e0:FontDrawColor
80077844:FontDrawColorIDX
800778b4:FontDrawNoiseOff
800778e0:FontDrawNoise
800779e4:FontDrawRainbowColorOff
80077a08:FontDrawRainbowColor
80077aa8:FontDrawEdgeOff
80077ab4:FontDrawEdge
80077ac0:FontDrawStart_alpha
80077b4c:FontDrawStart
80077bdc:fontmgrTexSetup
80077c08:fontmgrInit
80078548:seq_gameOverMain
800789ec:seq_gameOverExit
80078a14:seq_gameOverInit
80078c90:evt_bero_mario_go_wait
80078cac:evt_bero_mario_go
80078cbc:evt_bero_mario_go_init
80078e08:evt_bero_overwrite
80079230:evt_bero_case_id_load
8007928c:evt_bero_case_id_save
800792ec:evt_bero_get_number
800793ac:evt_bero_switch_off
800794b0:evt_bero_switch_on
80079b74:bero_get_position_normal
80079e84:evt_bero_get_info_num
8007a088:evt_bero_id_filter
8007a214:evt_bero_get_into_info
8007a50c:evt_bero_get_info
8007a60c:evt_bero_get_now_number
8007a63c:evt_bero_set_now_number
8007a66c:evt_bero_get_info_nextarea
8007a6e4:evt_bero_get_info_kinddir
8007a76c:evt_bero_get_info_length
8007a860:evt_bero_get_info_anime
8007a8f8:evt_bero_get_end_position
8007a95c:evt_bero_get_start_position
8007a9c0:evt_bero_exec_wait
8007aa04:evt_bero_exec_get
8007aa34:evt_bero_exec_onoff
8007aa9c:evt_bero_get_entername
8007aad0:evt_bero_mapchange
8007ab44:bero_id_filter
8007abe8:bero_clear_Offset
8007abfc:bero_get_ptr
8007ac08:bero_get_BeroEZ
8007ac10:bero_get_BeroEY
8007ac18:bero_get_BeroEX
8007ac20:bero_get_BeroSZ
8007ac28:bero_get_BeroSY
8007ac30:bero_get_BeroSX
8007ac38:bero_get_BeroNUM
8007ac40:bero_get_BeroEXEC
8030ce48:bero_open_door_play_se
8030d138:bero_close_door_play_se
8030d428:bero_play_enter_anime
8030d674:bero_play_out_anime
8030e608:bero_case_entry
8030e8b4:bero_case_switch_on
8030e900:bero_case_switch_off
8030ec7c:evt_bero_info_run
80081b8c:msgSearch
80084f24:setupDataBase
8008558c:setupDataCheck
80085744:_swByteGet
80085754:_swByteSet
80085764:_swClear
800857a4:_swGet
800857ec:_swSet
8008582c:swByteGet
80085850:swByteSet
80085874:swClear
800858b4:swGet
800858fc:swSet
8008593c:swReInit
80085980:swInit
80086d6c:seq_logoMain
8008746c:seq_logoExit
800874b0:seq_logoInit
800921ec:marioChgMotJump2
800922c4:marioRollChgChk
80092450:L_marioChkRub
80092458:marioChkItemMotion
80092624:marioChkTransform
80092814:marioChkJump
80092c94:marioLandOn
80093910:marioFall
80093d38:marioJump
80094020:marioMakeJumpPara
80094098:marioGetFallSpd
8009412c:marioSetFallPara
800941bc:marioSetJumpPara
800943a8:marioClearJumpPara
800943dc:marioChgMot2
80094454:marioChgMotSub
8009455c:marioChgMot
8009461c:marioMotion
80094680:marioBoots
80094830:marioChkTalkable
800948ec:marioChkItemGetMotion
8009497c:marioChgSmallJumpMotion
80094a88:marioChgJumpStandMotion
80094c40:marioChgRollMotion
80094c70:marioChgShipMotion
80094c90:marioChgGetItemMotion
80094d90:marioChgTalkMotion
80094e48:marioChgStayMotion
80094f28:marioChgMoveMotion
800a7528:evt_cam_letter_box_disable
800a759c:evt_cam_letter_box_onoff
800a7f48:evt_cam3d_evt_off
800a89d4:evt_cam3d_evt_set
800a9144:evt_cam_shake
800a95a0:evt_cam_get_pos
800a9f98:evt_item_get_item
800aa400:evt_item_entry
800b04bc:cardReadAll
800b2b80:cardGetCode
800b2b8c:cardIsExec
800b3060:cardBufReset
800b33e4:cardGetFilePtr
8041eab8:cardMgrWorkPointer
802c92e0:_mariost_icon_tex
802cb0e0:str_mariost_save_file_802cb0e0
802cb100:str_PCT2d_PCT2d_save_dat_802cb100
800d0998:evt_msg_fill_num
800d12b0:evt_msg_fill_item
800d2008:evt_msg_toge
800d2090:evt_msg_select
800d21fc:evt_msg_continue
800d23c4:evt_msg_print_add
800d2460:evt_msg_print_insert
800d25ec:evt_msg_print_battle_party
800d26bc:evt_msg_print_party_add
800d2790:evt_msg_print_party
800d284c:evt_msg_print
800d2dfc:pouchSetYoshiName
800d2e28:pouchSetPartyColor
800d2e44:pouchGetPartyColor
800d328c:pouchEquipBadgeID
800d3300:pouchEquipCheckBadge
800d3430:pouchRevisePartyParam
800d35a8:pouchReviseMarioParam
800d3bb8:pouchGetMaxAP
800d3c00:pouchAddAP
800d3c44:pouchGetAP
800d3c50:pouchSetMaxFP
800d3c68:pouchSetFP
800d3c8c:pouchGetMaxFP
800d3c98:pouchGetFP
800d3ca4:pouchSetPartyHP
800d3cd4:pouchGetPartyHP
800d3ce8:pouchSetMaxHP
800d3d00:pouchSetHP
800d3d24:pouchGetMaxHP
800d3d30:pouchGetHP
800d3dd4:pouchSetCoin
800d3e18:pouchAddCoin
800d3d8c:pouchAddStarPiece
800d4c38:pouchRemoveItem
800d4ed4:pouchCheckItem
800d50cc:pouchGetItem
800d30e0:pouchGetStarstone
800d5738:pouchGetHaveBadgeCnt
800d59c8:pouchInit
800d5eb0:pouchGetPtr
80315380:_party_max_hp_table
803dffc8:psbgm
800ddc1c:SoundSSSetVolCh
800e2b60:evt_mario_get_name_hitobj_ride
800e2bd0:evt_mario_get_name_hitobj_head
800e2e0c:evt_mario_kill_party
800e2e78:evt_mario_goodbye_party
800e3120:evt_mario_set_party_pos
800e3278:evt_mario_set_party
800e342c:evt_mario_hello_party
800e372c:evt_mario_get_party
800e38e0:evt_mario_set_mode
800e3910:evt_mario_get_mode
800e6498:evt_mario_normalize
800e6840:evt_mario_set_pose
800e7108:evt_mario_set_hosei_xyz
800e7180:evt_mario_set_pos
800e71f8:evt_mario_get_pos
800e7474:evt_mario_key_onoff
800e74d8:evt_mario_cont_onoff
800e9d18:evt_party_yoshi_ride
800ea080:evt_party_get_name_hitobj_ride
800ea114:evt_party_get_name_hitobj_head
800ea3f8:evt_party_set_pose
800eaadc:evt_party_move_pos2
800eae70:evt_party_run
800eaeb8:evt_party_stop
800eb21c:evt_party_set_dir
800eb4c0:evt_party_set_hosei_xyz
800eb558:evt_party_set_pos
800eb94c:evt_party_cont_onoff
800bec70:partySetForceMove
800ebbb8:eventStgNum
800ebbc0:eventStgDtPtr
800ebbd4:N_stg9_02_init
800ee688:stg0_00_init
8013ddc0:evt_seq_wait
800ee6f8:evtShopIsActive
800eedcc:get_ptr
800eee30:get_buy_evt
800ef604:main_evt_shop_setup
800f07d0:evt_pouch_get_yoshiname
800f0928:evt_pouch_get_havebadgecnt
800f09c0:evt_pouch_all_party_recovery
800f0a24:evt_pouch_mario_recovery
800f0a5c:evt_pouch_party_left
800f0a8c:evt_pouch_party_join
800f0bb4:evt_pouch_check_item
800f0d0c:N_evt_pouch_remove_item_index
800f0da8:evt_pouch_remove_item
800f0e20:evt_pouch_add_item
800f0fe8:evt_pouch_add_coin
800f1018:evt_pouch_get_coin
800f3f2c:loadDraw
800f6f68:seq_loadMain
800f727c:seq_loadExit
800f72b8:seq_loadInit
804169d0:seqLoadWp
0x12,1,19c3c:evt_puni_flag_onoff
0x12,1,19ae8:evt_puni_set_mode
800f831c:BtlUnit_EquipItem
800f8728:BattleGetPartyPtr
800f87a8:BattleGetMarioPtr
800f8874:BattleGetUnitPartsPtr
800f88cc:BattleGetUnitPtr
800f8a08:BattleSetSeq
800f8f04:BattleInit
8041eb90:g_BattleWork
800fbed8:BattleSetStatusDamage
800fd030:_getSickStatusParam
800fd680:BattleCalculateFpDamage
800fd790:BattleCalculateDamage
800fdfd4:BattleDamageDirect
800feaf8:BattleGetFirstAttackUnit
80103e34:btlevtcmd_StatusWindowOnOff
8010436c:btlevtcmd_InviteApInfoReport
80104700:btlevtcmd_snd_se
80105284:btlevtcmd_GetStageSize
801054e8:btlevtcmd_WeaponAftereffect
801056f4:btlevtcmd_GetItemRecoverParam
801057e8:btlevtcmd_CommandGetWeaponAddress
80105e50:btlevtcmd_OnOffStatus
80106738:btlevtcmd_SetStayPose
80106790:btlevtcmd_SetTalkPose
80106b20:btlevtcmd_AnimeChangePoseType
80106bb8:btlevtcmd_AnimeChangePose
8010749c:btlevtcmd_AudienceDeclareACResult
80107694:btlevtcmd_ResultACDefence
8010a154:btlevtcmd_WaitAttackEnd
8010a26c:btlevtcmd_StartWaitEvent
8010a4a4:btlevtcmd_SetEventEntry
8010a78c:btlevtcmd_CheckDamage
8010adac:btlevtcmd_ConsumeItemReserve
8010af58:btlevtcmd_ConsumeItem
8010b2b8:btlevtcmd_DispItemIcon
8010b3d4:btlevtcmd_GetConsumeItem
8010b490:btlevtcmd_GetSelectNextEnemy
8010b540:btlevtcmd_GetSelectEnemy
8010ca74:btlevtcmd_MovePosition
8010d208:btlevtcmd_JumpPosition
8010d770:btlevtcmd_SetFallAccel
8010d860:btlevtcmd_SetMoveSpeed
8010d9bc:btlevtcmd_GetExp
8010ddac:btlevtcmd_CheckToken
8010e4bc:btlevtcmd_ResetFaceDirection
8010ead8:btlevtcmd_GetBodyId
8010ecf4:btlevtcmd_GetPartnerId
8010ed8c:btlevtcmd_GetUnitKind
8010ef44:btlevtcmd_CheckSpace
8010f7a4:btlevtcmd_SetUnitWork
8010f828:btlevtcmd_GetUnitWork
8010f918:btlevtcmd_GetOverTurnCount
8010fa1c:btlevtcmd_RecoverHp
8010ff74:btlevtcmd_SetHp
801100cc:btlevtcmd_GetMaxHp
801101c4:btlevtcmd_GetHp
801124f8:btlevtcmd_GetHomePos
80112fcc:btlevtcmd_SetPos
80113304:btlevtcmd_KillUnit
80113620:btlevtcmd_GetPos
80113708:btlevtcmd_CheckPhase
801138d8:_get_flower_suitoru_point
80113950:_get_heart_suitoru_point
8034cc60:btldefaultevt_Damage
80354568:badgeWeapon_TatsumakiJump
80355ca8:superActionTable
8011847c:DrawSubIconSub
801253ec:BattleTransID
80126840:BtlUnit_PayWeaponCost
801268fc:BtlUnit_CheckWeaponCost
80126968:BtlUnit_GetWeaponCost
80126c10:BtlUnit_SetFp
80126c64:BtlUnit_GetFp
80126fe8:BtlUnit_ReviseHpFp
8012733c:BtlUnit_GetData
801277ac:BtlUnit_OffUnitFlag
801277bc:BtlUnit_OnUnitFlag
801277cc:BtlUnit_CheckUnitFlag
80127814:BtlUnit_CheckStatus
80128fe0:BtlUnit_Entry
803646e8:evt_gazigazi_entry
8012b06c:evt_btl_camera_wait_move_end
8012b108:evt_btl_camera_set_posoffset
8012b3d0:evt_btl_camera_shake_h
8012b670:evt_btl_camera_set_moveto
8012b8cc:evt_btl_camera_set_moveSpeedLv
8012ba14:evt_btl_camera_set_zoom
8012be38:evt_btl_camera_set_homing_unit
8012bfd0:evt_btl_camera_set_mode
8012c0ac:evt_btl_camera_set_prilimit
80364998:_return_home_event
80365188:ItemEvent_Support_Sub_Effect
80365c08:ItemEvent_Pow_Block
80366290:ItemWeaponData_Pow_Block
80366350:ItemEvent_Fire_Flower_Core
80366650:ItemEvent_Fire_Flower
803666cc:ItemWeaponData_Fire_Flower
8036678c:ItemEvent_Kaminari_Core
80366dc8:ItemEvent_Kirakira_Otoshi_Core
80367608:ItemEvent_Koorino_Ibuki
80368aac:ItemWeaponData_Nemure_Yoikoyo
8036904c:ItemWeaponData_Guruguru_Memawashi
80369e94:ItemEvent_Jiwajiwa_Kinoko
80416e8c:ItemEvent_Dekadeka_Drink
80135b44:evt_fade_reset
80135fa4:evt_fade_end_wait
80135fdc:evt_fade_entry
80136080:evt_fade_out
801360ec:evt_fade_in
8013c110:statusWinForceUpdate
8013c300:statusWinForceCloseClear
8013d440:gaugeDisp
8041768c:gauge_back
8041769c:gauge_wakka
8041ebec:g_StatusWindowWork
80140e60:partyGetTechLv
80140ea4:partyGetHp
80140ee8:partyChkJoin
80140f30:partyLeft
80140f74:partyJoin
80140fb8:marioGetExtraPartyId
80141050:marioGetPartyId
801410e8:marioGetParty
80141198:marioPartyKill
80141204:marioPartyGoodbye
8014124c:marioPartyHello
801412fc:marioPartyEntry
801414a0:marioUseParty
80144dc4:DVDMgrSetupCallback
80144dcc:DVDMgrGetLength
80144dd4:DVDMgrClose
80144de4:DVDMgrReadAsync
80144e18:DVDMgrRead
80144e88:DVDMgrOpen
80145024:DVDMgrMain
801452cc:DVDMgrDelete
80145308:DVDMgrInit
80372ff0:mario_dead_event
803730fc:mario_emergency_revival_event
80417ba0:mario_defence
80151d7c:evt_snd_env_lpf
80151dc0:evt_snd_envoff_f
80151e0c:evt_snd_envoff
80151e38:evt_snd_envon_f
80151e94:evt_snd_envon
80151f20:evt_snd_sfx_pos
80151fa8:evt_snd_sfx_vol
80152068:evt_snd_sfxchk
801520bc:evt_snd_sfxoff
801521dc:evt_snd_sfxon_3d
8015235c:evt_snd_sfxon
801523c0:evt_snd_bgm_scope
8015249c:evt_snd_bgmoff
80152548:evt_snd_bgmon_f
801525a4:evt_snd_bgmon
801895b0:btlevtcmd_get_monosiri_msg_no
80393ea8:partyWeapon_ChristineNormalAttack
80393f68:partyWeapon_ChristineMonosiri
80394028:partyWeapon_ChristineRenzokuAttack
803940e8:partyWeapon_ChristineKiss
8018a0e8:fileAsyncf
8018a260:fileFree
8018a2a4:_fileAlloc
8018a61c:fileAllocf
8018f990:BtlActRec_AddCount
80199178:envSetYami
80199558:envSetYamiView
80199598:envSetWater
80199c70:envAddTev
8019c018:envGlareFilterZ
8019c04c:envGlareFilter
8019c758:envBlurOff
8019c7b4:envBlurOn
8019dad0:envMain
8019df84:envTexSetup
8019e058:envReInit
8019e09c:envInit
803ac358:moving_floor
80209a0c:evt_win_coin_wait
80209aac:evt_win_coin_off
80209b5c:evt_win_coin_on
8020a2c4:evt_win_other_select
8020a374:evt_win_item_select
803afb78:edge_color
8041b858:color_tbl
802166a4:BattleGetRankNameLabel
803afc10:_rank_up_data
80245a2c:status_on
80247fbc:main_mario
8025c33c:memcard_load
8025c454:memcard_code
802648bc:_savefpr_14
802648c0:_savefpr_15
802648c4:_savefpr_16
802648c8:_savefpr_17
802648cc:_savefpr_18
802648d0:_savefpr_19
802648d4:_savefpr_20
802648d8:_savefpr_21
802648dc:_savefpr_22
802648e0:_savefpr_23
802648e4:_savefpr_24
802648e8:_savefpr_25
802648ec:_savefpr_26
802648f0:_savefpr_27
802648f4:_savefpr_28
802648f8:_savefpr_29
802648fc:_savefpr_30
80264900:_savefpr_31
80264954:_savegpr_14
80264958:_savegpr_15
8026495c:_savegpr_16
80264960:_savegpr_17
80264964:_savegpr_18
80264968:_savegpr_19
8026496c:_savegpr_20
80264970:_savegpr_21
80264974:_savegpr_22
80264978:_savegpr_23
8026497c:_savegpr_24
80264980:_savegpr_25
80264984:_savegpr_26
80264988:_savegpr_27
8026498c:_savegpr_28
80264990:_savegpr_29
80264994:_savegpr_30
80264998:_savegpr_31
802649ec:__udivdi3
80264ad8:__divdi3
80264c10:__umoddi3
80264cf4:__moddi3
80264e00:__ashldi3
80264e24:__lshrdi3
80264e48:__ashrdi3
80264e70:__floatdisf
80264f24:__floatundisf
80264fc4:__fixsfdi
80264fc4:__fixdfdi
80264fc4:__fixunssfdi
80264fc4:__fixunsdfdi
80269c68:memcmp
80269ce0:memchr
80269d0c:memmove
8026a0b8:sprintf
8026a198:vsprintf
8026a210:vprintf
8026a2a8:printf
8026a390:__StringWrite
8026a3fc:__FileWrite
8026a454:__pformatter
8026c344:sscanf
8026d38c:strstr
8026d3f4:strchr
8026d424:strncmp
8026d464:strcmp
8026d58c:strcat
8026d5b8:strncpy
8026d5fc:strcpy
8026d6b4:strlen
802964ac:OSAllocFromHeap
802965a8:OSFreeToHeap
80296624:OSSetCurrentHeap
80296634:OSInitAlloc
802966a4:OSCreateHeap
80296710:OSDestroyHeap
8041f070:OSAlloc_HeapArray
8041f074:OSAlloc_NumHeaps
80296a14:DCEnable
80296a28:DCInvalidateRange
80296a54:DCFlushRange
80296a84:DCStoreRange
80296ab4:DCFlushRangeNoSync
80296ae0:DCStoreRangeNoSync
80296b0c:ICInvalidateRange
80296b40:ICFlashInvalidate
80296b50:ICEnable
80296b64:LCDisable
80296b8c:L2GlobalInvalidate
80296c24:DMAErrorHandler
80296d84:__OSCacheInit
80296e78:__OSLoadFPUContext
80296f9c:__OSSaveFPUContext
802970c4:OSSaveFPUContext
802970cc:OSSetCurrentContext
80297128:OSGetCurrentContext
80297134:OSSaveContext
802971b4:OSLoadContext
8029728c:OSGetStackPointer
80297294:OSClearContext
802972b8:OSInitContext
80297374:OSDumpContext
802976a0:__OSContextInit
802976e8:OSFillFPUContext
80297814:OSReport
80297894:OSPanic
802979c0:OSSetErrorHandler
80297bd8:__OSUnhandledException
80299ad4:OSDisableInterrupts
80299ae8:OSEnableInterrupts
80299afc:OSRestoreInterrupts
80299b20:__OSSetInterruptHandler
80299b3c:__OSGetInterruptHandler
80299b50:__OSInterruptInit
80299e9c:__OSMaskInterrupts
80299f24:__OSUnmaskInterrupts
80299fac:__OSDispatchInterrupt
8029a340:OSNotifyLink
8029a344:OSNotifyUnlink
8029a348:Relocate
8029a604:Link
8029a8e4:OSLink
8029a908:Undo
8029ab40:OSUnlink
8029ad14:__OSModuleInit
8029d84c:OSGetTime
8029d864:OSGetTick
8029d86c:__OSGetSystemTime
8029da6c:OSTicksToCalendarTime
8029dd04:PSMTXIdentity
8029dd30:PSMTXCopy
8029dd64:PSMTXConcat
8029de30:PSMTXInverse
8029df28:PSMTXInvXpose
8029dff0:PSMTXRotRad
8029e060:PSMTXRotTrig
8029e1c0:PSMTXRotAxisRad
8029e230:PSMTXTrans
8029e264:PSMTXTransApply
8029e2b0:PSMTXScale
8029e2d8:PSMTXScaleApply
8029e330:C_MTXLookAt
8029e4bc:C_MTXLightFrustum
8029e550:C_MTXLightPerspective
8029e61c:C_MTXLightOrtho
8029e6a4:PSMTXMultVec
8029e6f8:PSMTXMultVecSR
8029e74c:C_MTXFrustum
8029e7e8:C_MTXPerspective
8029e8b8:C_MTXOrtho
8029e950:PSMTX44Copy
8029e994:PSMTX44Concat
8029ea98:PSMTX44Trans
8029ead4:PSMTX44Scale
8029eb08:PSMTX44MultVec
8029eb80:PSVECAdd
8029eba4:PSVECSubtract
8029ebc8:PSVECScale
8029ebe4:PSVECNormalize
8029ec28:PSVECSquareMag
8029ec40:PSVECMag
8029ec84:PSVECDotProduct
8029eca4:PSVECCrossProduct
8029ece0:C_VECHalfAngle
8029edb8:C_VECReflect
8029ee8c:PSVECSquareDistance
8029eeb4:PSVECDistance
802a00b0:DVDOpen
802a0178:DVDClose
802a03c0:DVDReadPrio
802a5340:DEMOInitCaption
802a559c:DEMOPuts
802a58ac:DEMOPrintf
802a5970:DEMOWriteStats
802a5d04:DEMOUpdateStats
802a5d5c:DEMOPrintStats
802bb918:EXIImm
802bbb74:EXIImmEx
802bbc14:EXIDma
802bbd00:EXISync
802bbf4c:EXIClearInterrupts
802bbf94:EXISetExiCallback
802bc184:EXIProbe
802bc204:EXIProbeEx
802bc2b8:EXIAttach
802bc3c4:EXIDetach
802bc480:EXISelect
802bc5ac:EXIDeselect
802bca6c:EXIInit
802bcc40:EXILock
802bcd34:EXIUnlock
802bce10:EXIGetState
802bce50:EXIGetID
802bd7b8:SIBusy
802bd7d8:SIIsChanBusy
802bd814:CompleteTransfer
802bdb10:SIInterruptHandler
802bde54:SIEnablePollingInterrupt
802bdeec:SIRegisterPollingHandler
802bdfb8:SIUnregisterPollingHandler
802be0ac:SIInit
802be160:__SITransfer
802be36c:SIGetStatus
802be3e8:SISetCommand
802be3fc:SITransferCommands
802be40c:SISetXY
802be478:SIEnablePolling
802be514:SIDisablePolling
802be580:SIGetResponseRaw
802be654:SIGetResponse
802be718:AlarmHandler
802be7a4:SITransfer
802be910:GetTypeCallback
802beba8:SIGetType
802bed6c:SIGetTypeAsync
802beea8:SIDecodeType
802beff4:SIProbe
802bf018:SISetSamplingRate
802bf0fc:SIRefreshSamplingRate
803108a8:itemDataTable
800ab930:itemseq_GetItem
800ad7f0:itemEntry
804176f0:battle_item_NONE
8036ee88:battle_item_gundan_zako
8036eed8:battle_item_gundan_zako_magician
8036ef28:battle_item_gundan_zako_elite
8036ef78:battle_item_hinnya
8036efc8:battle_item_hannya
8036f018:battle_item_hennya
8036f068:battle_item_kuriboo
8036f0b8:battle_item_togekuri
8036f108:battle_item_patakuri
8036f158:battle_item_hyper_kuriboo
8036f1a8:battle_item_hyper_togekuri
8036f1f8:battle_item_hyper_patakuri
8036f248:battle_item_yami_kuriboo
8036f298:battle_item_yami_togekuri
8036f2e8:battle_item_yami_patakuri
8036f338:battle_item_nokonoko
8036f388:battle_item_patapata
804176f8:battle_item_nokonoko_fighter
80417700:battle_item_patapata_fighter
8036f3d8:battle_item_yami_noko
8036f428:battle_item_ura_noko
8036f478:battle_item_ura_pata
8036f4c8:battle_item_togenoko
8036f518:battle_item_togenoko_ace
8036f568:battle_item_hammer_bros
80417708:battle_item_boomerang_bros
80417710:battle_item_fire_bros
8036f5b8:battle_item_met
8036f608:battle_item_togemet
8036f658:battle_item_patamet
8036f6a8:battle_item_patatogemet
8036f6f8:battle_item_hyper_togemet
8036f730:battle_item_jyugem
8036f780:battle_item_hyper_jyugem
8036f7d0:battle_item_togezo
8036f810:battle_item_kamec
8036f860:battle_item_chorobon
8036f8a8:battle_item_green_chorobon
8036f8f0:battle_item_flower_chorobon
8036f938:battle_item_honenoko
80417718:battle_item_red_honenoko
8036f980:battle_item_karon
8036f9c8:battle_item_monochrome_kurokumorn
8036fa10:battle_item_kurokumorn
8036fa58:battle_item_bllizard
8036faa0:battle_item_dokugassun
8036fae8:battle_item_pakkun_flower
80417720:battle_item_poison_pakkun
80417748:battle_item_ice_pakkun
80417770:battle_item_monochrome__pakkun
80417798:battle_item_piders
804177b8:battle_item_churantalar
804177e8:battle_item_barriern
804177f0:battle_item_barriern_z
804177f8:battle_item_barriern_custom
8036fb20:battle_item_monochrome_sinemon
8036fb60:battle_item_sinemon
8036fba0:battle_item_hyper_sinnosuke
8036fbd8:battle_item_hyper_sinemon
80417800:battle_item_iron_sinemon
80417808:battle_item_iron_sinemon2
8036fc20:battle_item_basabasa
8036fc70:battle_item_basabasa_chururu
8036fcc0:battle_item_basabasa_green
8036fd10:battle_item_teresa
8036fd60:battle_item_purple_teresa
80417810:battle_item_atmic_teresa
8036fdb0:battle_item_sambo
8036fde8:battle_item_sambo_mummy
80417818:battle_item_killer
80417820:battle_item_super_killer
80417828:battle_item_killer_cannon
80417850:battle_item_super_killer_cannon
8036fe28:battle_item_bomhei
8036fe78:battle_item_heavy_bom
8036fec0:battle_item_giant_bomb
8036ff08:battle_item_borodo
80417878:battle_item_borodo_king
8036ff58:battle_item_badge_borodo
8036ffa8:battle_item_mahorn
8036fff0:battle_item_super_mahorn
80370038:battle_item_mahorn_custom
80370080:battle_item_wanwan
803700b8:battle_item_burst_wanwan
803700f0:battle_item_bubble
80370130:battle_item_hermos
80370170:battle_item_phantom
803701b0:battle_item_pansy
80370200:battle_item_twinkling_pansy
80370250:battle_item_dark_keeper
80417880:battle_item_monban
80417888:battle_item_gold_chorobon
80417890:battle_item_sinnosuke
80417898:battle_item_togedaruma
804178a0:battle_item_yamitogedaruma
804178c8:battle_item_vivian1
804178d0:battle_item_gesso
804178d8:battle_item_gonbaba
804178e0:battle_item_moamoa
804178e8:battle_item_rampell
804178f0:battle_item_faker_mario
804178f8:battle_item_cortez
80417900:battle_item_kurikuri
80417908:battle_item_magnum_battender
80417910:battle_item_macho_gance
80417918:battle_item_champion
80417920:battle_item_kanbu1
80417928:battle_item_zonbaba
80417930:battle_item_default_param_list
803702a0:battle_heart_drop_param_default
803705c0:battle_heart_drop_param_default2
80370890:battle_heart_drop_param_default3
80370b10:battle_heart_drop_param_default4
80370d40:battle_heart_drop_param_default5
80370f20:battle_flower_drop_param_default
803710b0:battle_flower_drop_param_default2
803711f0:battle_flower_drop_param_default3
803712e0:battle_flower_drop_param_default4
80371380:battle_flower_drop_param_default5
0x2,5,1f714:aji_aji_17_peach_evt_stg1
0x4,5,e4:dmo_dmo_00_demo_evt
0x8,5,f79c:gon_battle_database_gon_btlparty_gon_gon_10_01_off_1
0x8,5,f85c:gon_battle_database_gon_btlgrp_gon_gon_10_01_off_1
0x8,5,fa0c:gon_battle_database_gon_btlparty_gon_gon_11_01_off_1
0x8,5,fbac:gon_battle_database_gon_btlgrpsel_gon_btlno_gon_09_01_off
0x8,5,fbc4:gon_battle_database_gon_btlgrpsel_gon_btlno_gon_09_02_off
0x8,5,fbdc:gon_battle_database_gon_btlgrpsel_gon_btlno_gon_09_04_off
0x8,5,fc54:gon_battle_database_gon_btlsetup_gon_tbl
0x8,5,10570:gon_unit_boss_gonbaba_unit_boss_gonbaba
0x8,5,10dc4:gon_unit_boss_gonbaba_negotiation_event
0x8,5,138e0:gon_unit_boss_gonbaba_dead_event
0x8,5,13d4c:gon_unit_boss_gonbaba_init_event
0x8,5,15638:gon_unit_honenoko_attack_event
0x8,5,17c10:gon_unit_red_honenoko_attack_event
802372a8:urouro_main_func
80237878:urouro_init_func
80130868:evt_nannpc_set_subfunc
80130910:evt_nannpc_init
80130d0c:gor_nannpc_ext_main_sub_fast
80074324:evt_hitobj_attr_onoff
8007452c:evt_hit_bind_mapobj
80074664:evt_hitobj_onoff
8030955c:hom_evt_sub_mail_event
0x1,5,e64:aaa_evt_prologue2
0x1,5,17a4:aaa_epilogue_evt2
0x1,5,20cc:aaa_00_init_evt
0x2,1,0:aji_peach_evt_toumei
0x2,5,14094:aji_bero_peach_data
0x2,5,274:aji_first_evt
0x2,5,7a8:aji_evt_door_msg_00
0x2,5,8f4:aji_00_init_evt
0x2,5,1854:aji_elv_unlock1
0x2,5,1a68:aji_elv_unlock2
0x2,5,2ea0:aji_ele_2
0x2,5,3888:aji_evt_elv_init
0x2,5,3e1c:aji_evt_key_init
0x2,5,41e4:aji_evt_aikotoba
0x2,5,48a0:aji_peach_evt_stg3_01
0x2,5,4ac0:aji_peach_evt_ele_2
0x2,5,52a4:aji_peach_evt_ele_init
0x2,5,5568:aji_peach_evt_key_init
0x2,5,5830:aji_peach_evt_init
0x2,5,5de4:aji_teshita1_init
0x2,5,5ec4:aji_teshita2_init
0x2,5,6054:aji_teshita3_init
0x2,5,6340:aji_01_init_evt
0x2,5,683c:aji_evt_box
0x2,5,69d8:aji_hikaru_yuka_init
0x2,5,bd8c:aji_hikaru_off
0x2,5,6c04:aji_02_init_evt
0x2,5,8320:aji_evt_zenmai
0x2,5,937c:aji_03_init_evt
0x2,5,9f54:aji_evt_item
0x2,5,a99c:aji_kuizu_sekizou
0x2,5,b9a8:aji_04_init_evt
0x2,5,c128:aji_bero_peach_evt
0x2,5,da5c:aji_peach_evt_kusuri_nomu
0x2,5,10714:aji_06_init_evt
0x2,5,10c30:aji_tensou_ride
0x2,5,11b50:aji_08_init_evt
0x2,5,12c74:aji_peach_evt_kou_in
0x2,5,12f24:aji_peach_evt_kou_out
0x2,5,131a8:aji_peach_evt_kou1_out
0x2,5,13374:aji_peach_evt_kou2_out
0x2,5,13588:aji_peach_evt_stg3_09
0x2,5,139a0:aji_evt_memo1
0x2,5,13a2c:aji_09_init_evt
0x2,5,14224:aji_monitor_init
0x2,5,1651c:aji_peach_evt_stg3_syuryo_talk
0x2,5,175e8:aji_syuryo_init
0x2,5,142c8:aji_peach_evt_stg1_10
0x2,5,158d4:aji_peach_evt_stg2_10
0x2,5,16010:aji_peach_evt_stg3_10
0x2,5,16744:aji_peach_evt_stg4_10
0x2,5,16af0:aji_peach_evt_stg5_10
0x2,5,16f54:aji_peach_evt_stg6_10
0x2,5,17648:aji_npcEnt_10
0x2,5,17984:aji_10_init_evt
0x2,5,17f58:aji_peach_evt_bero
0x2,5,18688:aji_peach_evt_tana2
0x2,5,18704:aji_peach_evt_stg5_11
0x2,5,188a8:aji_11_init_evt
0x2,5,19198:aji_evt_snd_stop
0x2,5,1a000:aji_evt_sw
0x2,5,1a440:aji_evt_bcv_sw
0x2,5,1a5e8:aji_evt_door_msg_13
0x2,5,1a744:aji_13_init_evt
0x2,5,1ba54:aji_evt_boss2
0x2,5,1bdb4:aji_14_init_evt
0x2,5,1ce68:aji_15_init_evt
0x2,5,1d4e4:aji_peach_evt_stg1_16
0x2,5,1d668:aji_peach_evt_stg1_1
0x2,5,1d7c0:aji_peach_evt_stg2_1
0x2,5,1db08:aji_peach_evt_stg3_16
0x2,5,1dd80:aji_peach_evt_stg6_16
0x2,5,1dff0:aji_16_init_evt
0x2,5,1e408:aji_evt_emergency
0x2,5,1f028:aji_evt_last2
0x2,5,1f714:aji_peach_evt_stg1_17
0x2,5,21a54:aji_peach_evt_stg2_17
0x2,5,22de4:aji_peach_evt_stg3_1
0x2,5,2385c:aji_peach_evt_stg4_17
0x2,5,247ac:aji_peach_evt_stg5_17
0x2,5,24e0c:aji_peach_evt_stg5_1
0x2,5,2564c:aji_peach_evt_stg6_17
0x2,5,26fa4:aji_17_init_evt
0x2,5,2db64:aji_evt_machine
0x2,5,2e19c:aji_18_init_evt
0x2,5,2e8b4:aji_evt_hajimete
0x2,5,2e938:aji_19_init_evt
0x2,5,370a8:aji_shuryolight_pow_normal
0x2,5,371d4:aji_shuryolight_head_normal
0x2,5,372d4:aji_shuryolight_tue_normal
0x2,1,b5dc:aji_evt_shuryolight_run_evt
0x2,1,b914:aji_evt_shuryolight_init
0x3,5,2e8:bom_first_evt_00
0x3,5,62c:bom_00_init_evt
0x3,5,970:bom_first_evt_01
0x3,5,4034:bom_init_soncho_01
0x3,5,4068:bom_talk_soncho_01
0x3,5,40e8:bom_talk_nitoro
0x3,5,41b8:bom_talk_pentrit
0x3,5,4288:bom_talk_surary
0x3,5,4358:bom_talk_murabito_d
0x3,5,4428:bom_talk_murabito_e_01
0x3,5,44b8:bom_talk_murabito_f_01
0x3,5,4548:bom_talk_murabito_g_01
0x3,5,45d8:bom_talk_murabito_h_01
0x3,5,4668:bom_talk_murabito_i_01
0x3,5,4730:bom_talk_white
0x3,5,47cc:bom_musume_talk
0x3,5,4cdc:bom_minnnanokoe_evt
0x3,5,545c:bom_01_init_evt
0x3,5,5c6c:bom_evt_taihou
0x3,5,625c:bom_init_soncho_02
0x3,5,6290:bom_talk_soncho_02
0x3,5,692c:bom_talk_murabito_e_02
0x3,5,6d98:bom_talk_murabito_f_02
0x3,5,6e8c:bom_talk_murabito_g_02
0x3,5,6fe0:bom_talk_murabito_h_02
0x3,5,7244:bom_talk_murabito_i_02
0x3,5,7f1c:bom_evt_white_bed
0x3,5,8700:bom_kiza_talk
0x3,5,9724:bom_02_init_evt
0x5,5,2c8:dou_bero_in_event_00
0x5,5,434:dou_totsunyu_event
0x5,5,6e4:dou_korutesu_event_01
0x5,5,80c:dou_01_init_evt
0x5,5,14b8:dou_watergate_handle_init
0x5,5,1808:dou_watergate_handle
0x5,5,1fe4:dou_03_init_evt
0x5,5,40e4:dou_bigdoor_event_init
0x5,5,4174:dou_bigdoor_event
0x5,5,4c54:dou_peramajin_before
0x5,5,5284:dou_peramajin_after
0x5,5,692c:dou_09_init_evt
0x5,5,7b50:dou_namiyoke_check
0x5,5,8224:dou_suifu_c_init_11
0x5,5,827c:dou_suifu_c_talk_11
0x5,5,82d4:dou_suifu_d_init_11
0x5,5,832c:dou_suifu_d_talk_11
0x5,5,8384:dou_suifu_e_init_11
0x5,5,83dc:dou_suifu_e_talk_11
0x5,5,8434:dou_mony_init_11
0x5,5,846c:dou_mony_talk_11
0x5,5,8514:dou_peton_init_11
0x5,5,854c:dou_peton_talk_11
0x5,5,97ac:dou_watarikiri_suifu_init
0x5,5,b620:dou_suifu_orei
0x5,5,bb6c:dou_escapeway_event
0x5,5,bddc:dou_bombwall_bomb
0x5,5,c0c8:dou_bombwall_init
0x5,5,e3b8:dou_11_init_evt
0x6,5,568:eki_evt_bridge2
0x6,5,740:eki_evt_origami_00
0x6,5,acc:eki_evt_meet_moamoa
0x6,5,e28:eki_evt_moamoa_escape
0x6,5,1098:eki_evt_elv_down
0x6,5,1940:eki_evt_elv_up
0x6,5,2060:eki_item_tbl
0x6,5,2068:eki_evt_elv
0x6,5,2274:eki_00_init_evt
0x6,5,2768:eki_evt_origami_01
0x6,5,29d0:eki_evt_lock
0x6,5,2a70:eki_01_init_evt
0x6,5,2f18:eki_evt_key_02
0x6,5,2f2c:eki_02_init_evt
0x6,5,31cc:eki_evt_poster
0x6,5,31f4:eki_evt_chk
0x6,5,426c:eki_evt_boots
0x6,5,4314:eki_evt_elvkey
0x6,5,43c0:eki_05_init_evt
0x6,5,46e4:eki_evt_box_open
0x6,5,48b0:eki_evt_sw_complete
0x6,5,4cf0:eki_06_init_evt
0x7,5,142c:unk_evt_end_00004654
0x7,5,14f0:unk_evt_end_00004718
0x8,5,1030:gon_01_init_evt
0x8,5,1b34:gon_tegami_event
0x8,5,1ff8:gon_senkaron_event
0x8,5,2904:gon_key_get_03
0x8,5,2918:gon_03_init_evt
0x8,5,2e68:gon_leaderkaron_init_event
0x8,5,4860:gon_evt_kaidan_pera
0x8,5,4efc:gon_evt_hashi_pera0
0x8,5,4f3c:gon_evt_hashi_pera1
0x8,5,4f7c:gon_evt_hashi
0x8,5,504c:gon_evt_chk_04
0x8,5,50a8:gon_evt_unlock_04
0x8,5,50d0:gon_key_get_04
0x8,5,50e4:gon_04_init_evt
0x8,5,6b18:gon_evt_unlock00
0x8,5,6b48:gon_evt_chk01_05
0x8,5,6ba4:gon_evt_unlock01
0x8,5,6bcc:gon_key_get_05
0x8,5,6be0:gon_05_init_evt
0x8,5,74f4:gon_tsuritenjo_event
0x8,5,7d9c:gon_evt_majin2
0x8,5,8160:gon_06_init_evt
0x8,5,8760:gon_out_func
0x8,5,8aa4:gon_item_evt_07
0x8,5,91a0:gon_07_init_evt
0x8,5,9d38:gon_evt_chk_08
0x8,5,9d94:gon_evt_unlock_08
0x8,5,a23c:gon_08_init_evt
0x8,5,b56c:gon_10_init_evt
0x8,5,bac4:gon_gonbaba_event
0x8,5,d344:gon_11_init_evt
0x8,5,d600:gon_chuchurina_sogu
0x8,5,e048:gon_item_get00
0x8,5,e1ec:gon_12_init_evt
0x8,5,5044:gon_key_tbl_04
0x8,5,6ab4:gon_key_tbl00_05
0x8,5,6b40:gon_key_tbl01_05
0x8,5,9d30:gon_key_tbl_08
0x9,5,4ba7c:gor_all_party_lecture
0x9,5,8a8:gor_nannpc_entry_data
0x9,5,b8c:gor_no00_custom
0x9,5,cc4:gor_mony_init_00
0x9,5,d0c:unk_evt_gor_00020d94
0x9,5,d38:gor_mony_peton_talk
0x9,5,11b0:gor_mony_talk_00
0x9,5,1220:gor_peton_init
0x9,5,1268:unk_evt_gor_000212f0
0x9,5,1294:gor_peton_talk_00
0x9,5,1304:gor_marco_init_00
0x9,5,1564:gor_marco_talk_00
0x9,5,1b78:gor_garawaru_init
0x9,5,1ca0:gor_garawaru_regl
0x9,5,1b14:gor_garawaru_urouro2
0x9,5,1d90:gor_garawaru_talk
0x9,5,1ec4:gor_megane_init
0x9,5,1f14:gor_megane_talk
0x9,5,1f4c:gor_odoodo_init
0x9,5,2040:gor_odoodo_regl
0x9,5,20b4:gor_odoodo_talk
0x9,5,22e0:gor_odoodo_ani_init
0x9,5,2324:gor_odoodo_ani_regl
0x9,5,2348:gor_odoodo_ani_talk
0x9,5,23dc:gor_suifu_a_init
0x9,5,246c:gor_suifu_a_regl
0x9,5,24dc:gor_suifu_a_talk
0x9,5,26ac:gor_suifu_b_init
0x9,5,276c:gor_suifu_b_regl
0x9,5,27e0:gor_suifu_b_talk
0x9,5,29b0:gor_suifu_d_init
0x9,5,2a08:gor_suifubomb_a_urouro2
0x9,5,2a84:gor_suifubomb_a_init
0x9,5,2b58:gor_suifubomb_a_regl
0x9,5,2bd0:gor_suifubomb_a_talk
0x9,5,2f38:gor_suifubomb_b_urouro2
0x9,5,2fa4:gor_suifubomb_b_init
0x9,5,3040:gor_suifubomb_b_regl
0x9,5,3130:gor_suifubomb_b_talk
0x9,5,3300:gor_suifubomb_c_init
0x9,5,3338:gor_suifubomb_c_talk
0x9,5,3358:gor_sanders_init_00
0x9,5,3420:gor_korutesu_init
0x9,5,34f0:gor_tentyou_init
0x9,5,3580:gor_tentyou_talk
0x9,5,35b8:gor_tenin_init
0x9,5,3648:gor_tenin_talk
0x9,5,3808:gor_mokorim_init
0x9,5,3878:gor_mokorim_talk
0x9,5,4124:gor_luigi_init_00
0x9,5,417c:gor_luigiEnt_00
0x9,5,4234:gor_luigi_npcEnt_00
0x9,5,42fc:gor_rakganEnt
0x9,5,5208:gor_enter_gorotsuki_town_init
0x9,5,52f0:gor_christine_osoware_setup
0x9,5,5438:gor_enter_gorotsuki_town
0x9,5,5d80:gor_christine_osoware
0x9,5,6314:gor_gundan1000tai_beforebattle
0x9,5,6dfc:gor_gundan1000tai_afterbattle
0x9,5,8598:gor_shukko_event
0x9,5,91bc:gor_gorotsuki_kikan
0x9,5,9b18:gor_into_gor_ship
0x9,5,a24c:unk_evt_gor_0002a2d4
0x9,5,a34c:gor_00_koopa_evt
0x9,5,b468:gor_peach_mail_00
0x9,5,b914:gor_option_ship_mario
0x9,5,c1bc:gor_tsumini
0x9,5,c5f4:gor_epilogue_npc_entry
0x9,5,cbf4:gor_epilogue_evt
0x9,5,e3b4:gor_epilogue_npc_entry2
0x9,5,e42c:gor_epilogue_evt2
0x9,5,e554:gor_return_gorotsuki_town_init
0x9,5,e5b8:gor_return_gorotsuki_town
0x9,5,ef7c:gor_00_init_evt
0x9,5,fed8:gor_badgemaster_init
0x9,5,ff68:gor_badgemaster_talk
0x9,5,100a0:gor_kinoji_talk
0x9,5,11114:gor_marco_init_01
0x9,5,1114c:gor_marco_talk_01
0x9,5,11968:gor_master_init
0x9,5,11a2c:gor_master_talk
0x9,5,12440:gor_shoptender_init
0x9,5,124ac:gor_shoptender_talk
0x9,5,128dc:gor_roten1_talk
0x9,5,12a28:gor_roten2_talk
0x9,5,12bec:gor_kuribo1_talk
0x9,5,12dac:gor_kuribo2_talk
0x9,5,12ef4:gor_kuribo3_talk
0x9,5,13508:gor_chusan1_talk
0x9,5,137e0:gor_chusan2_talk
0x9,5,13918:gor_bomhei_talk
0x9,5,13a48:gor_bottakuru_init
0x9,5,13f94:gor_luigi_init_01
0x9,5,14050:gor_luigi_npcEnt_01
0x9,5,14318:gor_kick2_init
0x9,5,14980:gor_thief_init
0x9,5,149b4:gor_thief_talk
0x9,5,15428:gor_christine_nakama_before
0x9,5,15e40:gor_luigi_f1_fade_check
0x9,5,15f84:gor_luigi_f2_fade_check
0x9,5,1618c:gor_marco_hitorigoto
0x9,5,16bd4:gor_goods_list
0x9,5,16e54:gor_01_shop_setup
0x9,5,173d0:gor_christine_nakama
0x9,5,19aac:gor_01_koopa_evt
0x9,5,1c178:gor_01_init_evt
0x9,5,1cb40:gor_R_cookbook_recipe_table
0x9,5,1ddf8:gor_cooking_evt
0x9,5,1ec04:unk_evt_gor_0003ec8c
0x9,5,1ecdc:gor_02_event_00
0x9,5,21040:gor_kurihakase_init
0x9,5,21258:gor_kurihakase_talk
0x9,5,21908:gor_oyabun_talk
0x9,5,21f48:gor_tozokudan1_talk
0x9,5,22b7c:gor_tozokudan2_talk
0x9,5,22edc:gor_sanders_init_02
0x9,5,22f70:gor_sanders_talk_02
0x9,5,238f0:gor_kuribo4_talk
0x9,5,23d48:gor_chusan3_talk
0x9,5,23e80:gor_roten3_talk
0x9,5,24138:gor_borodo1_init
0x9,5,241a0:gor_borodo1_regl
0x9,5,24208:gor_borodo1_talk
0x9,5,24490:gor_borodo2_talk
0x9,5,2463c:gor_kuragarisan_write_name
0x9,5,24d08:gor_kuragarisan_talk
0x9,5,24eb8:gor_luigi_init_02
0x9,5,25914:gor_evt_door_02_open
0x9,5,25b10:gor_evt_door_02_close
0x9,5,25e34:gor_evt_door_03_close
0x9,5,27e1c:gor_steel_coin
0x9,5,28424:gor_kurihakase_first_talk
0x9,5,29070:gor_kurihakase_wall_remove
0x9,5,29474:gor_kurihakase_lecture
0x9,5,29a3c:gor_kurihakase_lecture_badge
0x9,5,2a0d0:gor_epigraphy_map
0x9,5,2aa84:gor_epigraphy_map_after_stage1
0x9,5,2ae8c:gor_epigraphy_map_after_stage2
0x9,5,2b4cc:gor_epigraphy_map_after_stage3
0x9,5,2ba8c:gor_epigraphy_map_after_stage4
0x9,5,2bf30:gor_epigraphy_map_after_stage5
0x9,5,2c2b4:gor_epigraphy_map_after_stage6
0x9,5,2c688:gor_kurihakase_after3minutes
0x9,5,2d4cc:gor_02_init_evt
0x9,5,2614c:gor_evt_door_sanders_open
0x9,5,261b8:gor_evt_door_sanders_close
0x9,5,2e0cc:gor_maffiaboss_ticket_check
0x9,5,2e490:gor_maffiaboss_init
0x9,5,2e5b4:gor_maffiaboss_maffiaboss
0x9,5,2f970:gor_maffiaboss_teshita_irai
0x9,5,2fe2c:gor_maffiaboss_train_ticket
0x9,5,30b0c:gor_maffiaboss_talk_common
0x9,5,30db4:gor_maffiaboss_casino_init
0x9,5,30df8:gor_maffiaboss_casino_talk
0x9,5,30eac:gor_maffiaboss_nekomu00
0x9,5,30ee4:gor_maffiaboss_nekomu01
0x9,5,30f1c:gor_maffiaboss_nekomu02
0x9,5,30fb0:gor_maffia1_talk
0x9,5,3120c:gor_maffia2_talk
0x9,5,3142c:gor_maffia3_talk
0x9,5,3153c:gor_mony_init_03
0x9,5,31614:gor_mony_talk_03
0x9,5,316e8:gor_peton_init_03
0x9,5,31804:gor_peton_talk_common_03
0x9,5,31cfc:gor_luigi_init_03
0x9,5,31d54:gor_luigi_npcEnt_03
0x9,5,3435c:gor_roten_4_talk
0x9,5,3448c:gor_kinopiko_a_talk
0x9,5,3461c:gor_kinopiko_b_talk_03
0x9,5,348b8:gor_kinopio_a_talk
0x9,5,349e8:gor_kokinopio_a_talk
0x9,5,34b78:gor_kokinopio_b_talk
0x9,5,34ca8:gor_nokonoko_a_talk
0x9,5,34dd8:gor_kuribo_1_talk
0x9,5,358fc:gor_evt_door_01_0_close
0x9,5,363a0:gor_desk_talk_check
0x9,5,36654:gor_evt_door_02_1_open
0x9,5,3682c:gor_evt_door_02_1_close
0x9,5,37c10:gor_majorin_nusumigiki
0x9,5,3813c:gor_yuureturn_rtn
0x9,5,382d0:gor_peach_mail_03
0x9,5,39814:gor_kuzi_keiziban_normal
0x9,5,39f4c:gor_debug_event_mode
0x9,5,3a2f0:gor_03_init_evt
0x9,5,3b6dc:gor_hom_10_evt_resha_start_04
0x9,5,3c81c:gor_evt_train
0x9,5,3cc8c:gor_evt_train2
0x9,5,3d108:gor_peach_mail_04
0x9,5,3dce0:gor_jugemu_a_init
0x9,5,3dd14:gor_jugemu_a_talk
0x9,5,3de44:gor_kinopiko_b_talk_04
0x9,5,3df8c:gor_luigi_init_04
0x9,5,3e09c:gor_luigi_npcEnt_04
0x9,5,402d8:gor_04_init_evt
0x9,5,524:gor_luigi_gor_first_talk
0x9,5,46c2c:gor_10_init_evt
0x9,5,4d564:gor_12_init_evt
0x9,5,4d738:gor_11_init_evt
0xa,5,db0:gra_evt_machibuse
0xa,5,154:gra_evt_nameent
0xa,5,1a38:gra_00_init_evt
0xa,5,1e3c:gra_01_init_evt
0xa,5,2038:gra_shopmaster_pig_init
0xa,5,2070:gra_shopmaster_talk
0xa,5,234c:gra02_get_key
0xa,5,2360:gra02_straw_blow_evt
0xa,5,23c0:gra_02_init_evt
0xa,5,261c:gra_03_init_evt
0xa,5,2c40:gra_04_tree_open_evt
0xa,5,2cfc:gra_04_init_evt
0xa,5,38f4:gra_05_futa_open_evt
0xa,5,3964:gra_evt_gra_05iwa_move_init
0xa,5,39e0:gra_evt_gra_05iwa_move_evt
0xa,5,3cc8:gra_evt_break_floor
0xa,5,3cf4:gra_05_init_evt
0xa,5,4698:gra_first_gra06jin
0xa,5,4d28:gra_06_init_evt
0xa,5,5028:gra_evt_usu_kagemario_party_kill
0xb,5,344:hei_first_evt
0xb,5,658:hei_gonbaba_evt
0xb,5,d54:hei_first_evt_dokan
0xb,5,1928:hei_dokan_evt
0xb,5,1e8c:hei_setting_sun_stone
0xb,5,1f40:hei_sun_stone_set_event
0xb,5,2050:hei_setting_moon_stone
0xb,5,2104:hei_moon_stone_set_event
0xb,5,23cc:hei_00_koopa_evt
0xb,5,29ec:hei_00_init_evt
0xb,5,35d0:hei_bridge_evt
0xb,5,3648:hei_nokotaro_get
0xb,5,380c:hei_nokotaro_nakama
0xb,5,3c80:hei_nokotarou_talk_2
0xb,5,3dfc:hei_evt_nokorin
0xb,5,4cd4:hei_peach_mail
0xb,5,5208:hei_01_init_evt
0xb,5,5c28:hei_door_open_03
0xb,5,616c:hei_03_init_evt
0xb,5,6a20:hei_door_open_05
0xb,5,6f14:hei_05_init_evt
0xb,5,8340:hei_a_sekizou_1
0xb,5,9328:hei_07_init_evt
0xb,5,9e78:hei_evt_golden
0xb,5,a374:hei_10_init_evt
0xb,5,ac8c:hei_evt_anm_kan
0xb,5,ad78:hei_13_init_evt
0xc,5,28c:hom_evt_carry_up_bridge
0xc,5,3fc:hom_init_powan_toron_konari_papa_gurume
0xc,5,500:hom_talk_ekiin1
0xc,5,580:hom_init_ekiin2
0xc,5,5b4:hom_talk_ekiin2
0xc,5,c04:hom_evt_lock
0xc,5,c2c:hom_evt_train_door
0xc,5,c60:hom_evt_train
0xc,5,1544:hom_evt_hom_touchaku
0xc,5,1d54:hom_00_init_evt
0xc,5,2a74:hom_10_evt_resha_start_hom_00
0xd,5,6dc:jin_door_teresa_n
0xd,5,990:jin_door_teresa_s
0xd,5,d8c:jin_first_jin00
0xd,5,ea0:jin_push_evt
0xd,5,1358:jin_evt_key_jin
0xd,5,13d0:jin_evt_unlock_jin
0xd,5,14d8:jin_tyuou_teresa_init
0xd,5,1564:jin_tyuou_teresa_talk
0xd,5,1b80:jin_oku_teresa_init
0xd,5,1bd4:jin_temae_teresa_init
0xd,5,22e4:jin_senteresa_evt
0xd,5,3664:jin_00_init_evt
0xd,5,3ed4:jin_ki_data_evt_01
0xd,5,4bb0:jin_ranperu_toujou
0xd,5,5240:jin_irekawatta_mario
0xd,5,5b00:jin_ranperu_lastbattle
0xd,5,62dc:jin_hontonosugata_mario
0xd,5,71ac:jin_ranperu_init
0xd,5,71fc:jin_nisemario_init
0xd,5,74d8:jin_04_jumpstand
0xd,5,77ac:jin_04_init_evt
0xd,5,7ef8:jin_06_init_evt
0xd,5,8634:jin_evt_teresa_box_open
0xd,5,8f34:jin_07_init_evt
0xd,5,9398:jin_evt_open_jin
0xd,5,9614:jin_oumu_talk
0xd,5,979c:jin_oumu_check
0xd,5,9c88:jin_08_init_evt
0xd,5,adb4:jin_evt_yuka
0xd,5,adc8:jin_11_init_evt
0xd,5,af00:jin_evt_usu_kagemario_party_kill
0xd,5,12bd0:jin_phase_event_fmario
0xf,5,3dc:kpa_goal_00
0xf,5,17d4:kpa_00_fly_evt
0xf,5,1ed8:kpa_00_init_evt
0xf,5,26a8:kpa_01_touzyo_evt
0xf,5,4fa8:kpa_01_init_evt
0xf,5,530c:kpa_goal_01
0xf,5,5ef4:kpa_goal_02
0xf,5,6b18:kpa_07_evt
0xf,5,7e38:kpa_07_init_evt
0x10,5,86c:las_first_evt_00
0x10,5,c04:las_00_init_evt
0x10,5,270c:las_senkaron_event
0x10,5,3560:las_kurokaron_init
0x10,5,35d4:las_kurokaron_talk
0x10,5,371c:las_key_evt_05
0x10,5,3794:las_unlock_evt_05
0x10,5,38cc:las_05_init_evt
0x10,5,4638:las_door_matigai_evt
0x10,5,4674:las_door_seikai_evt
0x10,5,4a14:las_mugen_kairou_init
0x10,5,53d0:las_first_evt_09
0x10,5,65e4:las_majyorin_evt_main
0x10,5,70f0:las_09_init_evt
0x10,5,8394:las_tenkyugi_evt2
0x10,5,952c:las_kagi_8_on
0x10,5,9ae0:las_kagi_8_init
0x10,5,9b60:las_daiza_evt
0x10,5,9c44:las_10_init_evt
0x10,5,d42c:las_cloud_evt
0x10,5,d440:las_19_init_evt
0x10,5,dd70:las_hosi_sw_check
0x10,5,e4e4:las_hosi_init
0x10,5,f560:las_21_init_evt
0x10,5,10410:las_key_evt_22
0x10,5,10424:las_key_check_evt_22
0x10,5,10480:las_unlock_evt_22
0x10,5,10530:las_22_init_evt
0x10,5,10bec:las_23_init_evt
0x10,5,11330:las_break_floor_evt
0x10,5,11498:las_box_evt
0x10,5,1151c:las_24_init_evt
0x10,5,11be8:las_key_check_evt_25
0x10,5,11c44:las_unlock_evt_25
0x10,5,11c6c:las_25_init_evt
0x10,5,12154:las_bonbaba_evt
0x10,5,12e20:las_bonbaba_init
0x10,5,13414:las_26_init_evt
0x10,5,13c8c:las_syuryo_init
0x10,5,13f48:las_first_evt_28
0x10,5,15cc8:las_koopa_evt
0x10,5,176e4:las_shuryolight_init_28
0x10,5,177e4:las_28_init_evt
0x10,5,19de4:las_last_evt_3
0x10,5,1be4c:las_last_evt_3_2
0x10,5,1db00:las_last_evt_4
0x10,5,1f7b0:las_shuryolight_init_29
0x10,5,1f838:las_29_init_evt
0x10,5,41df4:las_30_init_evt
0x10,5,3730:las_key_tbl_05
0x10,5,10408:las_key_tbl_22
0x10,5,11be0:las_key_tbl_25
0x11,5,2d8:moo_evt_first_00
0x11,5,d28:moo_00_init_evt
0x11,5,147c:moo_dokan_evt_02
0x11,5,16dc:moo_02_init_evt
0x11,5,1f0c:moo_mario_fly
0x11,5,21ac:moo_kanbu_fly
0x11,5,257c:moo_epilogue_evt
0x11,5,267c:moo_04_init_evt
0x12,5,a7c:mri_countdown
0x12,5,1308:mri_seal_bigtree
0x12,5,165c:mri_seal_bigtree2
0x12,5,1898:mri_guide_init_00
0x12,5,19b8:mri_guide_talk_00
0x12,5,1a2c:mri_rival_init_00
0x12,5,1aa0:mri_chibitoge_init_00
0x12,5,1bf4:mri_sister_init_00
0x12,5,1c68:mri_elder_init_00
0x12,5,1cdc:mri_fabio_init
0x12,5,1d2c:mri_fabio_talk
0x12,5,22b4:mri_first_time_w_bero_00
0x12,5,23dc:mri_out_dokan_1
0x12,5,2580:mri_first_bigtree
0x12,5,2768:mri_open_bigtree
0x12,5,2e60:mri_mario_see_you
0x12,5,39a0:mri_minnnanokoe_evt
0x12,5,4394:mri_00_init_evt
0x12,5,49c8:mri_guide_init_01
0x12,5,4a3c:mri_guide_talk_01
0x12,5,4a8c:mri_rival_init_01
0x12,5,4b24:mri_elder_init_01
0x12,5,507c:mri_elder_talk_sub
0x12,5,566c:mri_elder_talk
0x12,5,5930:mri_puni_1_init
0x12,5,5990:mri_puni_1_talk
0x12,5,5a3c:mri_puni_2_init
0x12,5,5a9c:mri_puni_2_talk
0x12,5,5b54:mri_sister_init_01
0x12,5,5c90:mri_sister_talk
0x12,5,6508:mri_bigtree_firstbattle
0x12,5,7080:mri_meet_rival
0x12,5,939c:mri_rival_nakama
0x12,5,b180:mri_boss_battle
0x12,5,c720:mri_boss_battle_win
0x12,5,e048:mri_evt_ueki_01
0x12,5,e090:mri_evt_ueki_02
0x12,5,e0f0:mri_evt_ueki_03
0x12,5,e1b4:mri_evt_ueki_08
0x12,5,e2e8:mri_01_koopa_first_evt
0x12,5,e928:mri_01_koopa_second_evt
0x12,5,f3d0:mri_01_init_evt
0x12,5,fd10:mri_dokan_event
0x12,5,103d4:mri_02_init_evt
0x12,5,10c50:mri_elder_rescue
0x12,5,1185c:mri_elder_init_03
0x12,5,118c4:mri_sister_init_03
0x12,5,118f8:mri_sister_regl
0x12,5,119cc:mri_puni_3_init
0x12,5,11a10:mri_puni_3_talk
0x12,5,11c2c:mri_bero_custom_00
0x12,5,1262c:mri_bluejail_event
0x12,5,12cb8:mri_guide_sister
0x12,5,138f0:mri_toraware_elder
0x12,5,13f8c:mri_guide_sister_before
0x12,5,141dc:mri_03_init_evt
0x12,5,14568:mri_bero_custom
0x12,5,14614:mri_chibitoge_init_04
0x12,5,148dc:mri_chuchurina_sogu
0x12,5,15594:mri_black_shadow
0x12,5,15c10:mri_04_init_evt
0x12,5,15f28:mri_puni_4_init
0x12,5,15f6c:mri_puni_4_talk
0x12,5,15fbc:mri_puni_5_init
0x12,5,16000:mri_puni_5_talk
0x12,5,17104:mri_05_init_evt
0x12,5,17420:mri_rival_init_06
0x12,5,17474:mri_rival_talk
0x12,5,174c4:mri_puni_6_init
0x12,5,17518:mri_puni_6_talk
0x12,5,17568:mri_puni_7_init
0x12,5,175bc:mri_puni_7_talk
0x12,5,1760c:mri_puni_8_init
0x12,5,17650:mri_puni_8_talk
0x12,5,176a0:mri_puni_9_init
0x12,5,176f4:mri_puni_9_talk
0x12,5,17744:mri_puni_10_init
0x12,5,177d4:mri_puni_10_talk
0x12,5,17824:mri_puni_11_init
0x12,5,178b4:mri_puni_11_talk
0x12,5,18308:mri_apper_toge
0x12,5,1870c:mri_06_init_evt
0x12,5,1906c:mri_chibitoge_init_07
0x12,5,19158:mri_puniinfo_talk
0x12,5,19518:mri_07_init_evt
0x12,5,19718:mri_toge_1_init
0x12,5,1975c:mri_toge_1_talk
0x12,5,1980c:mri_toge_2_init
0x12,5,19850:mri_toge_2_talk
0x12,5,19900:mri_toge_3_init
0x12,5,19944:mri_toge_3_talk
0x12,5,199f4:mri_toge_4_init
0x12,5,19a38:mri_toge_4_talk
0x12,5,19ae8:mri_toge_5_init
0x12,5,19b78:mri_toge_5_talk
0x12,5,19c28:mri_toge_6_init
0x12,5,19c6c:mri_toge_6_talk
0x12,5,1adc4:mri_08_init_evt
0x12,5,1b3f8:mri_wall_roll
0x12,5,1b900:mri_slot00_event
0x12,5,1b9d0:mri_slot01_event
0x12,5,1baa0:mri_slot02_event
0x12,5,1bb70:mri_slot03_event
0x12,5,1bc40:mri_slot_event
0x12,5,1bd48:mri_get_blue_jail_key
0x12,5,1bf84:mri_09_init_evt
0x12,5,1c3e8:mri_item_evt
0x12,5,1c4f8:mri_10_init_evt
0x12,5,1c6d8:mri_toge_7_init
0x12,5,1c71c:mri_toge_7_talk
0x12,5,1c7cc:mri_toge_8_init
0x12,5,1c810:mri_toge_8_talk
0x12,5,1c8c0:mri_toge_9_init
0x12,5,1c904:mri_toge_9_talk
0x12,5,1c9b4:mri_toge_10_init
0x12,5,1ca44:mri_toge_10_talk
0x12,5,1caf4:mri_toge_11_init
0x12,5,1cb84:mri_toge_11_talk
0x12,5,1dc3c:mri_11_init_evt
0x12,5,1e364:mri_12_init_evt
0x12,5,1e75c:mri_punipuni_ball00_init
0x12,5,1e834:mri_punipuni_ball00
0x12,5,1ed04:mri_yuka_check
0x12,5,1ef18:mri_yuka_event
0x12,5,1f66c:mri_13_init_evt
0x12,5,1f9f0:mri_first_time_w_bero_14
0x12,5,1fd30:mri_dai3_kanbu
0x12,5,20608:mri_time_bomb
0x12,5,219fc:mri_14_init_evt
0x12,5,22104:mri_dai3_battle
0x12,5,223f4:mri_15_init_evt
0x12,5,230e4:mri_16_init_evt
0x12,5,245f0:mri_puni_disp_info
0x12,5,24ba4:mri_puni_init
0x12,5,344d8:mri_trap_event
0x12,5,35454:mri_breakyuka_main
0x12,5,35740:mri_switch_event
0x12,5,357e4:mri_17_init_evt
0x12,5,35da0:mri_20_init_evt
0x12,5,361cc:mri_18_init_evt
0x12,5,365f8:mri_19_init_evt
0x13,1,2818:muj_koburon_get_encount_info
0x13,1,2ed4:muj_make_itemsel_table
0x13,5,1848:muj_koburon_dead
0x13,5,c78:muj_nannpc_mode_setup
0x13,5,ff8:muj_garawaru_init_00
0x13,5,1060:muj_odoodo_init_00
0x13,5,10d8:muj_suifu_c_init
0x13,5,1110:muj_suifu_c_talk
0x13,5,1168:muj_suifu_d_init_00
0x13,5,11a0:muj_suifu_d_talk_00
0x13,5,11f8:muj_suifu_e_init
0x13,5,1230:muj_suifu_e_talk
0x13,5,1288:muj_korutesu_init_00
0x13,5,12b4:muj_korutesu_talk_00
0x13,5,1348:muj_mony_talk_00
0x13,5,13c8:muj_peton_talk_00
0x13,5,21c0:muj_mujinto_hyochaku
0x13,5,2c54:muj_suifu_random_sub
0x13,5,2ff0:muj_dai3_shurai_sub
0x13,5,4150:muj_dai3_shurai
0x13,5,6798:muj_kaizoku_vs_dai3
0x13,5,7508:muj_dai3_beat_back
0x13,5,83ec:muj_leave_island
0x13,5,96d8:muj_into_muj_ship
0x13,5,9a98:muj_mony_peton_boarding
0x13,5,9ce4:muj_00_init_evt
0x13,5,a728:muj_garawaru_init_01
0x13,5,a7c4:muj_garawaru_talk_01
0x13,5,abfc:muj_marco_init_01
0x13,5,ace8:muj_marco_talk_01
0x13,5,ba28:muj_megane_init_01
0x13,5,ba60:muj_megane_talk_01
0x13,5,bb38:muj_odoodo_init_01
0x13,5,bb70:muj_odoodo_talk_01
0x13,5,bc48:muj_suifu_a_init_01
0x13,5,bc80:muj_suifu_a_talk_01
0x13,5,bd40:muj_suifu_bomb_init
0x13,5,bd78:muj_suifu_bomb_talk
0x13,5,be38:muj_suifu_d_init_01
0x13,5,be6c:muj_suifu_d_regl_01
0x13,5,becc:muj_suifu_d_talk_01
0x13,5,bfac:muj_borosuifu_a_init
0x13,5,bfe0:muj_borosuifu_a_talk
0x13,5,c0c0:muj_borosuifu_b_init
0x13,5,c118:muj_borosuifu_b_regl
0x13,5,c190:muj_borosuifu_b_talk
0x13,5,c270:muj_mony_init_01
0x13,5,c2c8:muj_peton_init_01
0x13,5,d588:muj_kyoshu_event
0x13,5,d9a8:muj_nakamaware_event
0x13,5,e604:muj_settoku_event
0x13,5,e6dc:muj_settoku_event_main
0x13,5,f800:muj_01_init_evt
0x13,5,10880:muj_mony_init_02
0x13,5,10a84:muj_mony_talk_02
0x13,5,10b4c:muj_peton_init_02
0x13,5,10bcc:muj_peton_talk_02
0x13,5,110bc:muj_02_init_evt
0x13,5,112f8:muj_03_event_01
0x13,5,119e8:muj_03_init_evt
0x13,5,123ec:muj_sanders_funto
0x13,5,12b74:muj_yashi_yure
0x13,5,13048:muj_04_init_evt
0x13,5,1334c:muj_sanders_nakama
0x13,5,13600:muj_sanders_init_05
0x13,5,136d4:muj_sanders_talk_sub
0x13,5,137ec:muj_sanders_talk_05
0x13,5,13ab4:muj_marco_init_05
0x13,5,13b14:muj_marco_talk_05
0x13,5,14220:muj_sanders_kyushutsu_sub
0x13,5,1476c:muj_marco_and_jewel
0x13,5,14c1c:muj_dokuroiwa_touch
0x13,5,15ad0:muj_dokuroiwa_bomb
0x13,5,15fa4:muj_dokuroiwa_init
0x13,5,161f8:muj_yure_yashi_ha1
0x13,5,164c8:muj_yure_yashi
0x13,5,16788:muj_05_init_evt
0x13,5,16a20:muj_megane_init_10
0x13,5,16c74:muj_bero_in_event_10
0x13,5,16e68:muj_nazo_event
0x13,5,17130:muj_oidasare_event
0x13,5,182bc:unk_evt_muj_0002cb0c
0x13,5,1855c:muj_10_init_evt
0x13,5,18a5c:muj_warning_event
0x13,5,18af4:muj_11_init_evt
0x13,5,18d10:muj_bero_custom_12
0x13,5,1974c:muj_korutesu_event
0x13,5,1a118:muj_korutesu_event_after
0x13,5,1a348:muj_kosho_event
0x13,5,1adb8:muj_12_init_evt
0x13,5,1c164:muj_onryo_event
0x13,5,1e48c:muj_20_koopa_evt
0x13,5,1f948:muj_20_init_evt
0x13,5,3cab0:muj_all_party_lecture
0x14,5,238:nok_nokonoko_A_init
0x14,5,2ac:nok_nokonoko_A_talk
0x14,5,404:nok_nokonoko_B_talk
0x14,5,548:nok_nokonoko_C_talk
0x14,5,5f8:nok_nokonoko_D_talk
0x14,5,6d8:nok_nokonoko_F_talk
0x14,5,bd0:nok_init_white
0x14,5,c30:nok_talk_white
0x14,5,1664:nok_first_time_camera
0x14,5,1a9c:nok_00_koopa_evt
0x14,5,2e24:nok_00_init_evt
0x14,5,31f4:nok_nokonoko_G_talk
0x14,5,32f0:nok_nokonoko_H_talk
0x14,5,340c:nok_nokonoko_I_talk
0x14,5,34bc:nok_open_gate
0x14,5,3830:nok_monban_init
0x14,5,3868:nok_monban_talk
0x14,5,3948:nok_nokotarou_init
0x14,5,39b0:nok_nokotarou_talk
0x14,5,3a40:nok_nokopapa_init
0x14,5,3a8c:nok_nokopapa_talk
0x14,5,3bac:nok_nokonoko_K_talk
0x14,5,3cc0:nok_boss_noko_open_gate
0x14,5,3fa8:nok_boss_noko_talk
0x14,5,4528:nok_nokorin_init
0x14,5,45a0:nok_nokorin_talk
0x14,5,4a04:nok_odoriko_1_talk
0x14,5,4b38:nok_odoriko_2_talk
0x14,5,4c6c:nok_odoriko_3_talk
0x14,5,5424:nok_nokotarou_tabidachi
0x14,5,6c04:nok_evt_kusa_4
0x14,5,6c68:nok_evt_kusa_5
0x14,5,6ccc:nok_evt_kusa_6
0x14,5,6d70:nok_01_init_evt
0x15,5,994:pik_hom_10_evt_resha_start_00
0x15,5,1cdc:pik_evt_train
0x15,5,2198:pik_talk_ekiin
0x15,5,2400:pik_talk_papa_taihou_kyoka
0x15,5,2a54:pik_talk_papa
0x15,5,2cb0:pik_talk_mama
0x15,5,31dc:pik_talk_konari
0x15,5,33cc:pik_talk_madam
0x15,5,32ec:pik_talk_madam_ring_return
0x15,5,36b0:pik_init_sarary
0x15,5,3dac:pik_evt_pik_00_arrival
0x15,5,4198:pik_00_init_evt
0x15,5,4a88:pik_evt_powan
0x15,5,4ff0:pik_init_powan_01
0x15,5,5058:pik_miyageya_talk
0x15,5,5924:pik_miyageya_init
0x15,5,6044:pik_konarikin_init
0x15,5,6194:pik_narikin_papa_init
0x15,5,61f0:pik_narikin_mama_init
0x15,5,6298:pik_madam_init
0x15,5,6340:pik_takun4_talk
0x15,5,63d4:pik_takun5_init
0x15,5,6438:pik_takun5_talk
0x15,5,64a8:pik_takun6_init
0x15,5,650c:pik_takun6_talk
0x15,5,6e18:pik_01_koopa_evt
0x15,5,7b8c:pik_01_init_evt
0x15,5,8448:pik_evt_return_sub
0x15,5,85d4:pik_evt_return
0x15,5,886c:pik_init_powan_02
0x15,5,88e4:pik_talk_powan
0x15,5,89b8:pik_init_majo
0x15,5,89fc:pik_init_mari
0x15,5,8a40:pik_init_ramp
0x15,5,8d40:pik_evt_garnet
0x15,5,9608:pik_evt_sw
0x15,5,97a4:pik_evt_daiza_02
0x15,5,9810:pik_02_koopa_evt
0x15,5,abb0:pik_nise_starstone_init
0x15,5,abf8:pik_02_init_evt
0x15,5,b0f8:pik_evt_daiza_03
0x15,5,b168:pik_03_init_evt
0x15,5,c98c:pik_init_musume1
0x15,5,c9d0:pik_init_musume2
0x15,5,ca14:pik_init_musume3
0x15,5,ca60:pik_talk_takun1
0x15,5,cad8:pik_talk_takun2
0x15,5,cb64:pik_talk_takun3
0x15,5,cbd4:pik_init_kiza
0x15,5,cf64:pik_evt_roten
0x15,5,d7ac:pik_04_init_evt
0x16,5,60:rsh_simi_check
0x16,5,144:rsh_simi_offscreen_check
0x16,5,1e8:rsh_kami_check
0x16,5,33c:rsh_kami_offscreen_check
0x16,5,4f4:rsh_evt_rsh_door_open
0x16,5,d84:rsh_evt_rsh_door_close
0x16,5,2c04:rsh_evt_moamoa
0x16,5,3114:rsh_evt_rsh_moamoa_on_window
0x16,5,3334:rsh_evt_handle
0x16,5,34e0:rsh_regu_unten
0x16,5,3828:rsh_init_unten
0x16,5,386c:rsh_talk_unten
0x16,5,3d7c:rsh_00_init_evt
0x16,5,4084:rsh_00_a_init_evt
0x16,5,48b0:rsh_init_toron_01
0x16,5,49c8:rsh_talk_toron_01
0x16,5,4ac4:rsh_init_madam_01
0x16,5,4b9c:rsh_talk_madam_ring_return
0x16,5,4ca8:rsh_talk_madam_01
0x16,5,534c:rsh_evt_daiji_kami_01
0x16,5,53f0:rsh_evt_pikary_arrival
0x16,5,5640:rsh_evt_access_01
0x16,5,5640:rsh_evt_access_entry_01
0x16,5,5704:rsh_01_init_evt
0x16,5,59fc:rsh_01_a_init_evt
0x16,5,5f58:rsh_gor_bero
0x16,5,67ec:rsh_evt_nabe
0x16,5,6bc8:rsh_init_gurume
0x16,5,6c60:rsh_talk_gurume
0x16,5,6f28:rsh_init_yuurei
0x16,5,73cc:rsh_talk_yuurei
0x16,5,7ad8:rsh_init_toron_02
0x16,5,7e38:rsh_evt_1day_end
0x16,5,7f48:rsh_evt_2day_end
0x16,5,8234:rsh_evt_bed
0x16,5,828c:rsh_evt_toron_catch
0x16,5,86f8:rsh_evt_toron_catch2
0x16,5,8c94:rsh_evt_toron_appear
0x16,5,9368:rsh_evt_daiji_kami_02
0x16,5,94c8:rsh_evt_yuka_simi_02
0x16,5,9664:rsh_evt_access_entry
0x16,5,975c:rsh_02_init_evt
0x16,5,9b38:rsh_02_a_init_evt
0x16,5,bd3c:rsh_init_cook
0x16,5,be84:rsh_talk_cook
0x16,5,c400:rsh_init_waitless_03
0x16,5,c47c:rsh_talk_waitless_pias_return
0x16,5,c6f4:rsh_talk_waitless_03
0x16,5,cb24:rsh_move_waitless
0x16,5,cd58:rsh_talk_toron_03
0x16,5,cda8:rsh_talk_sarary_03
0x16,5,ce78:rsh_evt_lanch_missing
0x16,5,da5c:rsh_talk_powan_03
0x16,5,e1ac:rsh_evt_shop_moamoa_talk
0x16,5,e934:rsh_evt_shop_close
0x16,5,efc4:rsh_evt_shop_door_init
0x16,5,f054:rsh_evt_yuka_simi_03
0x16,5,f148:rsh_evt_access_03
0x16,5,f20c:rsh_03_init_evt
0x16,5,f640:rsh_03_a_init_evt
0x16,5,f9f0:rsh_03_c_init_evt
0x16,5,10548:rsh_evt_rsh_konarikin_irai_party_talk
0x16,5,106ac:rsh_evt_allow_kamotsu
0x16,5,10834:rsh_evt_shorui_funshitu
0x16,5,10de4:rsh_evt_daijisouna_kami
0x16,5,11190:rsh_init_syashou_04
0x16,5,11278:rsh_talk_syashou_04
0x16,5,11998:rsh_init_sarary_04
0x16,5,11a74:rsh_talk_sarary_04
0x16,5,11b94:rsh_talk_papa_mama
0x16,5,11ed0:rsh_init_papa_04
0x16,5,11f88:rsh_talk_papa_04
0x16,5,120ec:rsh_init_mama_04
0x16,5,12180:rsh_talk_mama_04
0x16,5,12264:rsh_init_konari_04
0x16,5,12324:rsh_talk_konari_04
0x16,5,127f4:rsh_init_powan_04
0x16,5,128f4:rsh_talk_powan_04
0x16,5,12ea8:rsh_evt_tana_5
0x16,5,12fa4:rsh_evt_access_04
0x16,5,13220:rsh_evt_narikin_room
0x16,5,1337c:rsh_evt_powan_room
0x16,5,134c8:rsh_04_init_evt
0x16,5,13820:rsh_04_a_init_evt
0x16,5,13a60:rsh_04_c_init_evt
0x16,5,14548:rsh_evt_meet_moamoa
0x16,5,14b3c:rsh_evt_moamoa_escape
0x16,5,14ecc:rsh_init_syashou_05
0x16,5,14f44:rsh_talk_syashou_05
0x16,5,14f90:rsh_init_waitless_05
0x16,5,15008:rsh_talk_waitless_05
0x16,5,15384:rsh_evt_ghost_diary
0x16,5,15610:rsh_05_init_evt
0x16,5,15790:rsh_05_a_init_evt
0x16,5,16888:rsh_hom_10_evt_resha_start_06
0x16,5,17d60:rsh_evt_great_moamoa
0x16,5,18c9c:rsh_06_init_evt
0x16,5,18dec:rsh_06_a_init_evt
0x18,5,490:tik_uranaisi_next_evt
0x18,5,1a18:unk_evt_tik_0000f448
0x18,5,2168:tik_kuribo5_talk
0x18,5,2330:tik_chusan4_talk
0x18,5,2478:tik_borodo3_talk
0x18,5,25b0:tik_borodo4_talk
0x18,5,26e8:tik_pinkbom_talk
0x18,5,2838:tik_master_2_talk
0x18,5,3da8:tik_evt_open_04_open
0x18,5,4074:tik_evt_door_04_close
0x18,5,4218:tik_evt_door_stg7_open
0x18,5,476c:tik_tensou_init_event
0x18,5,4e00:tik_tensou_sw_event
0x18,5,4f78:tik_kurihakase_event
0x18,5,58c8:tik_00_init_evt
0x18,5,5cf8:tik_dokan_2_in_evt
0x18,5,60ac:tik_gorotuki_sanninngumi
0x18,5,7068:tik_01_init_evt
0x18,5,7dc8:tik_geso_battle
0x18,5,8b00:tik_02_init_evt
0x18,5,8e90:tik_bero_05_custom_in
0x18,5,8f08:tik_bero_05_custom_out
0x18,5,9064:tik_guide_init
0x18,5,9124:tik_guide_talk
0x18,5,9258:tik_puni_soguu_3
0x18,5,9db8:tik_puni_switch
0x18,5,9fcc:tik_puni_nakama
0x18,5,a258:tik_03_init_evt
0x18,5,a5f4:tik_puni_soguu_1
0x18,5,a78c:tik_puni_soguu_2
0x18,5,ad2c:tik_04_switch_evt
0x18,5,ae58:tik_04_init_evt
0x18,5,b3b8:tik_kurihakase_init
0x18,5,b424:tik_kurihakase_talk
0x18,5,b678:tik_large_door_stg0_init
0x18,5,b6bc:tik_large_door_stg0
0x18,5,b8c0:tik_look_large_door
0x18,5,b924:tik_kaidan_event
0x18,5,d790:tik_mahojin_event
0x18,5,dd3c:tik_mahojin_event1
0x18,5,def4:tik_mahojin_event2
0x18,5,e098:tik_mahojin_event3
0x18,5,e230:tik_mahojin_event4
0x18,5,e3c8:tik_mahojin_event5
0x18,5,e560:tik_mahojin_event6
0x18,5,e810:tik_lastdungeon_anim_init
0x18,5,e8e0:tik_lastdungeon_init
0x18,5,e970:tik_lastdungeon
0x18,5,eb0c:tik_mahojin_event7
0x18,5,112c0:tik_05_init_evt
0x18,5,125b0:tik_peach_mail
0x18,5,12948:tik_07_init_evt
0x18,5,130fc:tik_08_init_evt
0x18,5,1df6c:tik_15_init_evt
0x18,5,1f238:tik_18_init_evt
0x18,5,1fc24:tik_evt_majin2
0x19,1,1fe0:tou_evt_tou_get_ranking
0x19,5,c00:tou_evt_open_tou
0x19,5,1a50:tou_talk_gardman
0x19,5,2298:tou_evt_tou_match_make_default_sub
0x19,5,28f0:tou_evt_tou_match_make_default
0x19,5,4da4:tou_evt_mail_1
0x19,5,5618:tou_evt_mail_3
0x19,5,5ae8:tou_evt_mail_5
0x19,5,6024:tou_evt_tou_match_after_default
0x19,5,9350:tou_00_init_evt
0x19,5,a560:tou_talk_sakaba
0x19,5,ab90:tou_talk_hot
0x19,5,abe4:tou_init_papa_01
0x19,5,ac34:tou_talk_papa_01
0x19,5,ad6c:tou_init_mama_01
0x19,5,adbc:tou_talk_mama_01
0x19,5,aef4:tou_init_konari_01
0x19,5,af44:tou_talk_konari_01
0x19,5,b07c:tou_talk_musume
0x19,5,b28c:tou_init_musume_1
0x19,5,b2d4:tou_init_musume_2
0x19,5,b31c:tou_init_musume_3
0x19,5,b414:tou_talk_kino_1
0x19,5,b5f4:tou_talk_kino_2
0x19,5,b7d4:tou_talk_roten_1
0x19,5,b9b4:tou_talk_roten_2
0x19,5,bb94:tou_talk_jugem_1
0x19,5,bd84:tou_talk_jugem_2
0x19,5,bf44:tou_init_bijyo
0x19,5,bfe4:tou_talk_bijyo
0x19,5,c1a4:tou_init_kiza
0x19,5,c1f8:tou_talk_kiza
0x19,5,c2e8:tou_init_sarary_01
0x19,5,d274:tou_evt_uron
0x19,5,d580:tou_evt_tamago_sleep
0x19,5,dbe8:tou_evt_tamago_move
0x19,5,e0b0:tou_evt_tamago
0x19,5,e240:tou_talk_tamago
0x19,5,ea78:tou_evt_gondora
0x19,5,ed1c:tou_evt_gondora2
0x19,5,f44c:tou_evt_peach_after
0x19,5,109cc:tou_evt_key_01
0x19,5,a0fc:tou_evt_hotdog
0x19,5,10a78:tou_01_init_evt
0x19,5,129c8:tou_evt_move_g
0x19,5,12ac4:tou_init_gard1
0x19,5,12b60:tou_talk_gard1
0x19,5,12c78:tou_init_gard2
0x19,5,12d14:tou_talk_gard2
0x19,5,12e2c:tou_init_madam_02
0x19,5,12ec8:tou_talk_madam_02
0x19,5,12ff4:tou_talk_repo
0x19,5,131d4:tou_talk_cam1
0x19,5,13394:tou_init_cam2
0x19,5,133e0:tou_talk_cam2
0x19,5,13650:tou_talk_kino4
0x19,5,13830:tou_talk_kino5
0x19,5,13c00:tou_talk_kinopiko
0x19,5,13de0:tou_talk_kinopio_f
0x19,5,13fa0:tou_init_chu
0x19,5,13ff0:tou_talk_chu
0x19,5,140fc:tou_init_champ
0x19,5,14450:tou_talk_champ
0x19,5,144d8:tou_init_shikowa
0x19,5,14558:tou_talk_shikowa
0x19,5,1458c:tou_init_uranoko
0x19,5,1460c:tou_talk_uranoko_02
0x19,5,14640:tou_init_ironA
0x19,5,146d8:tou_talk_ironA
0x19,5,1470c:tou_init_ironB
0x19,5,147a4:tou_talk_ironB
0x19,5,147d8:tou_init_borodo
0x19,5,14858:tou_talk_borodo
0x19,5,14ea8:tou_evt_tougi2
0x19,5,15628:tou_evt_momikucha
0x19,5,157cc:tou_evt_key_02
0x19,5,15b0c:tou_evt_poster_8
0x19,5,15f00:tou_02_init_evt
0x19,5,17948:tou_init_g_1
0x19,5,17a34:tou_move_g_1_dokimasu
0x19,5,17b00:tou_talk_g_1
0x19,5,17c68:tou_move_g_1
0x19,5,17d38:tou_init_g_2
0x19,5,17da0:tou_talk_g_2
0x19,5,17e8c:tou_move_g_2
0x19,5,181a4:tou_init_g_4
0x19,5,18310:tou_talk_g_4
0x19,5,1874c:tou_move_g_4
0x19,5,18a08:tou_talk_g_7
0x19,5,18aa0:tou_talk_g_8
0x19,5,18b64:tou_talk_g_9
0x19,5,18c4c:tou_init_g_10
0x19,5,18cb0:tou_talk_g_10
0x19,5,18d14:tou_init_g_11
0x19,5,18d88:tou_talk_g_11
0x19,5,18df4:tou_init_brots_04
0x19,5,1a228:tou_evt_gardman
0x19,5,1b294:tou_evt_lock_04
0x19,5,1b70c:tou_evt_bred_nigeru
0x19,5,1b96c:tou_04_init_evt
0x19,5,1c6a4:tou_evt_takurami
0x19,5,1cd7c:tou_evt_hiki_open
0x19,5,1d080:tou_init_gans
0x19,5,1d0f4:tou_talk_gans
0x19,5,1d3cc:tou_init_kinoshikowa
0x19,5,1d414:tou_talk_kinoshikowa
0x19,5,1e560:tou_evt_sensyu2
0x19,5,1f070:tou_evt_nozoki
0x19,5,20108:tou_05_init_evt
0x19,5,209e8:tou_evt_kontena
0x19,5,20a3c:tou_evt_kaidan
0x19,5,20c18:tou_evt_block_broken_06
0x19,5,20c90:tou_evt_lock_06
0x19,5,20cc8:tou_evt_chuchu
0x19,5,21b00:tou_06_init_evt
0x19,5,22908:tou_evt_champion
0x19,5,236e0:tou_evt_dakuto_07
0x19,5,23fbc:tou_07_init_evt
0x19,5,24488:tou_evt_toile
0x19,5,24734:tou_talk_togenoko
0x19,5,24984:tou_talk_togemet
0x19,5,24bd4:tou_talk_hammerbros
0x19,5,24e24:tou_talk_uranoko_08
0x19,5,2558c:tou_evt_1st_leagu
0x19,5,26138:tou_evt_toile_door
0x19,5,2752c:tou_08_init_evt
0x19,5,28334:tou_09_init_evt
0x19,5,285d0:tou_init_kino
0x19,5,28604:tou_talk_kino
0x19,5,28780:tou_init_michel_10
0x19,5,28828:tou_talk_michel
0x19,5,289e4:tou_talk_octo
0x19,5,28c18:tou_init_brots_10
0x19,5,28cdc:tou_talk_brots
0x19,5,28db8:tou_talk_gangan
0x19,5,28fec:tou_init_poku
0x19,5,29098:tou_talk_poku
0x19,5,29174:tou_init_iron
0x19,5,29228:tou_talk_iron
0x19,5,292a0:tou_init_iron2
0x19,5,29354:tou_talk_iron2
0x19,5,297c0:tou_evt_saisyo_after
0x19,5,2a8f0:tou_evt_tou_chibi_yoshi
0x19,5,2c314:tou_evt_okorareru
0x19,5,2ca08:tou_evt_block_10
0x19,5,2af90:tou_10_evt_1st_leagu
0x19,5,2ca1c:tou_10_init_evt
0x19,5,2d83c:tou_11_init_evt
0x19,5,2ddec:tou_evt_block_broken_12
0x19,5,2ded0:tou_init_michel_12
0x19,5,2df28:tou_init_michel_dummy
0x19,5,2df78:tou_init_brots_12
0x19,5,2e004:tou_init_brots_dummy
0x19,5,2e3d8:tou_12_init_evt
0x19,5,2e6f4:tou_evt_dakuto_13
0x19,5,2e7a4:tou_evt_nusumi
0x19,5,2ea7c:tou_evt_first
0x19,5,2eb24:tou_13_init_evt
0x19,5,2faf4:tou_all_party_lecture
0x1a,5,1898:tou2_init_kinosikowa
0x1a,5,1c74:tou2_npc_entry
0x1a,5,2b78:tou2_evt_random_battle2
0x1a,5,3ab0:tou2_evt_match
0x1a,5,4b28:tou2_evt_kurikuri_lose
0x1a,5,5aa8:tou2_evt_shinemon_lose
0x1a,5,70a4:tou2_evt_champ_win
0x1a,5,75e0:tou2_evt_champ_lose
0x1a,5,77d0:tou2_evt_default_opening
0x1a,5,86a4:tou2_evt_default_lose
0x1a,5,935c:tou2_evt_boss
0x1a,5,b158:tou2_evt_watch_match
0x1a,5,b964:tou2_evt_kyaku_1
0x1a,5,ba44:tou2_evt_kyaku_2
0x1a,5,bb24:tou2_evt_kyaku_3
0x1a,5,bc04:tou2_evt_kyaku_4
0x1a,5,bd64:tou2_evt_kyaku_5
0x1a,5,be44:tou2_evt_kyaku_6
0x1a,5,bf24:tou2_evt_kyaku_7
0x1a,5,c004:tou2_evt_kyaku_8
0x1a,5,c308:tou_03_init_evt
0x1a,5,13390:tou2_entry_event
0x1a,5,13a64:tou2_dead_event
0x1a,5,13bcc:tou2_phase_event
0x1b,5,b0:usu_villagerA_init
0x1b,5,120:usu_villagerA_pig_init
0x1b,5,16c:usu_villagerA_talk
0x1b,5,28c:usu_villagerB_talk
0x1b,5,378:usu_villagerC_talk
0x1b,5,448:usu_villagerD_init
0x1b,5,494:usu_villagerD_pig_init
0x1b,5,4e0:usu_villagerD_talk
0x1b,5,640:usu_villagerE_init
0x1b,5,68c:usu_villagerE_pig_init
0x1b,5,6d8:usu_villagerE_talk
0x1b,5,7dc:usu_villagerK_init
0x1b,5,828:usu_villagerK_pig_init
0x1b,5,874:usu_villagerK_talk
0x1b,5,978:usu_village_chief_init
0x1b,5,9c8:usu_village_chief_pig_init
0x1b,5,a3c:usu_village_chief_talk
0x1b,5,1110:usu_vivian_init
0x1b,5,1b0c:usu00_stage4_coming_event
0x1b,5,28cc:usu00_3witch_event
0x1b,5,2d18:usu_gra00_2witch_find_ranpel_event
0x1b,5,302c:usu00_vivian_cry_event
0x1b,5,3114:usu00_vivian_joinup_event
0x1b,5,3bc0:usu00_crowAB_talk_event
0x1b,5,4108:usu00_crowCDE_talk_event
0x1b,5,4670:usu_chief_pig_event
0x1b,5,4c00:usu_evt_door2_chk
0x1b,5,4e80:usu_dokan_1_evt
0x1b,5,53f4:usu_kusa_01_evt
0x1b,5,5690:usu_evt_ichikorori_ball_get
0x1b,5,56a4:usu_00_touch_ichikorori_ball
0x1b,5,5e14:usu_00_koopa_first_evt
0x1b,5,64d4:usu_00_koopa_second_evt
0x1b,5,85a4:usu_evt_after_peach
0x1b,5,8c80:usu_00_init_evt
0x1b,5,973c:usu_villagerF_talk
0x1b,5,9828:usu_villagerG_talk
0x1b,5,9914:usu_villagerH_talk
0x1b,5,99c4:usu_villagerI_init
0x1b,5,9a10:usu_villagerI_pig_init
0x1b,5,9a5c:usu_villagerI_talk
0x1b,5,9b40:usu_villagerJ_init
0x1b,5,9b8c:usu_villagerJ_pig_init
0x1b,5,9bd8:usu_villagerJ_talk
0x1b,5,9cbc:usu_shop_man_init
0x1b,5,9d4c:usu_shop_man_talk
0x1b,5,9dd8:usu_shop_woman_talk
0x1b,5,a064:usu_kizayarou_init
0x1b,5,a0fc:usu_kizayarou_pig_init
0x1b,5,a134:usu_kizayarou_talk
0x1b,5,a378:usu_aunt_init
0x1b,5,a3d0:usu_aunt_pig_init
0x1b,5,acf4:usu_aunt_talk
0x1b,5,b7cc:usu_childA_talk
0x1b,5,b864:usu_childB_talk
0x1b,5,b8fc:usu_childC_talk
0x1b,5,b978:usu_gatekeeper_init
0x1b,5,ba10:usu_gatekeeper_pig_init
0x1b,5,ba94:usu_gatekeeper_talk
0x1b,5,bd78:usu_musume_talk
0x1b,5,ce08:usu_evt_mon_open
0x1b,5,d100:usu01_crowFG_talk_event
0x1b,5,d728:usu01_crowHI_talk_event
0x1b,5,dbac:usu01_crowJ_talk_event
0x1b,5,e260:usu_loop_msg
0x1b,5,e430:usu_mawari_house_delay
0x1b,5,e58c:usu_evt_ie2_door2_1
0x1b,5,e95c:usu_evt_ie2_door2_2
0x1b,5,ef28:usu01_gusun
0x1b,5,f068:usu_evt_monban_buta_main
0x1b,5,f0f0:usu_evt_monban_buta
0x1b,5,f138:usu_evt_monban_buta2
0x1b,5,f17c:usu_evt_monban_look
0x1b,5,f404:usu_unlock
0x1b,5,fb60:usu_evt_majin2
0x1b,5,101e4:usu_01_init_evt
0x1b,5,107c0:usu_evt_usu_kagemario_party_kill
0x1b,5,10ca8:usu_all_party_lecture
0x1c,5,60:win_vivian_init
0x1c,5,114:win_maririn_init
0x1c,5,180:win_majorin_init
0x1c,5,62c:win_witchtrio_momeru
0x1c,5,1450:win_witchtrio_picture
0x1c,5,1ca4:win_mario_vs_witchtrio
0x1c,5,27a4:win_witchtrio_lose
0x1c,5,3524:win_00_init_evt
0x1c,5,36c8:win_evt_dokan1_message
0x1c,5,3798:win_evt_dokan1
0x1c,5,392c:win_guide_bigtree
0x1c,5,3e6c:win_peach_mail
0x1c,5,4338:win_01_init_evt
0x1c,5,4df8:win_lookat_house
0x1c,5,4fdc:win_cloud_lostitem
0x1c,5,5410:win_03_init_evt
0x1c,5,57d0:win_meet_clouda
0x1c,5,5900:win_meet_clouda2
0x1c,5,5b70:win_clouda_irai
0x1c,5,65cc:win_clouda_nakama
0x1c,5,7e1c:win_touch_door
0x1c,5,9934:win_04_init_evt
0x1c,5,9c50:win_cloud_toujou
0x1c,5,9e48:win_05_init_evt
0x1c,5,10270:win_first_evt_dokan
0x1c,5,10384:win_welcome_wonderforest
0x1c,5,10794:win_06_init_evt
0x1000,2,18:exitFunction
0x1000,2,84:ChapterClearLoop
0x1000,2,94:ChapterClearIncrement
0x1000,2,cc:JohoyaSeqLoop
0x1000,2,130:addErrorEnd
0x1000,2,170:errorEnd
0x1000,2,198:bPowerupblkNorm
0x1000,2,204:pikBreakfast
0x1000,2,1f8:bomBreakfast
0x1000,2,20c:breakfastValueRestore
0x1000,7,5cc:_ZL8GSWF_ARR
0x1000,2,1314:_ZL27checkIndividualStandardHeapPKN2gc2os9ChunkInfoE
0x1000,2,1378:_ZL24checkIndividualSmartHeapPKN4ttyd6memory19SmartAllocationDataE
0x1000,2,13dc:_ZL22checkIndividualMapHeapPKN4ttyd6memory13MapAllocEntryE
0x1000,2,142c:_ZL21initStandardHeapErrorPKvib
0x1000,2,14c0:_ZL18initSmartHeapErrorPKvb
0x1000,2,154c:_ZL16initMapHeapErrorPKvtb
0x1000,7,71c:_ZL5goods
0x1000,18,10:_ZN3mod3owr22g_seqSetSeq_trampolineE
0x1000,10,70:_ZN3mod3owr24planeModeNameDescriptionE
0x1000,2,12fc:_ZN3mod3owr12StateManager4InitEv
0x1000,2,1c:asmPreventDiaryTextboxSelection
0x1000,10,7c:_ZN3mod3owr15mowzDescriptionE
0x1000,2,121c:_ZN3mod3owr3OWR10DrawStringEPKcffjf
0x1000,10,68:_ZN3mod3owr23tubeModeNameDescriptionE
0x1000,18,14:_ZN3mod3owr19g_OSLink_trampolineE
0x1000,2,1f30:_ZN6RelMgr9unlinkRelEv
0x1000,10,0:_ZN3mod3owr22main_buy_evt_hook_sizeE
0x1000,2,1a48:cFixBlooperCrash1
0x1000,2,1a80:_Z22fixPouchInitMemoryLeakij
0x1000,2,1ce8:snprintf
0x1000,2,1014:_ZN3mod3owr21partySetForceMoveHookEPN4ttyd5party10PartyEntryEfff
0x1000,2,1ec0:_ZN6RelMgr7linkRelEv
0x1000,2,15f0:_ZN18HeapCorruptionInfo10drawBufferEv
0x1000,2,e28:_ZN3mod3owr16pouchGetItemHookEi
0x1000,2,58:bWinLogArrInject
0x1000,2,2c:bMapGXArrInject
0x1000,10,a0:_ZN3mod3owr11flurrieNameE
0x1000,10,6c:_ZN3mod3owr24paperModeNameDescriptionE
0x1000,2,17c0:_Z10checkHeapsv
0x1000,2,70:bWinLogArrIncrementReturn
0x1000,10,8c:_ZN3mod3owr17vivianDescriptionE
0x1000,2,134:bPrintPartyErrorFix
0x1000,10,9c:_ZN3mod3owr18flurrieDescriptionE
0x1000,18,20:gState
0x1000,2,170:bPrintPartyErrorFixReturn
0x1000,18,0:_ZN3mod3owr22g_msgSearch_trampolineE
0x1000,2,230:bShopFlagCheck
0x1000,2,1c78:vsnprintf
0x1000,2,23c:bShopFlagCheckReturn
0x1000,2,f4:bPrintPartyAddErrorFix
0x1000,18,4:_ZN3mod3owr31g_evt_mario_set_pose_trampolineE
0x1000,2,624:_ZN3mod3owr13seqSetSeqHookEN4ttyd6seqdrv8SeqIndexEPKcS5_
0x1000,10,14:_ZN3mod3owr16main_buy_evt_evtE
0x1000,2,22c:bPeachReturn
0x1000,2,1944:_Z25checkForNpcNameToPtrErrorPKc
0x1000,2,18d0:_Z17drawErrorMessagesv
0x1000,2,229c:_Z11allocMemoryj
0x1000,2,1c0c:_ZN3mod4drawEN4ttyd7dispdrv8CameraIdEPv
0x1000,2,68:bWinLogArrIncrement
0x1000,2,2084:_ZN3mod4util10ptrIsValidEPv
0x1000,2,10a0:_ZN3mod3owr19evtMarioSetPoseHookEPN4ttyd6evtmgr8EvtEntryEb
0x1000,18,2c:heapCorruptionInfoPtr
0x1000,2,1b24:_Z14fixMapProblemsv
0x1000,2,8:asmFixBlooperCrash2
0x1000,2,2130:_Z12setShopFlagsPN4ttyd6evtmgr8EvtEntryEb
0x1000,2,54:bMapGXChSplitReturn
0x1000,18,40:_ZN3mod4gModE
0x1000,2,1688:_ZN21NpcNameToPtrErrorInfo16drawErrorMessageEv
0x1000,2,3ac:_ZN3mod3owr3OWR12SequenceInitEv
0x1000,2,540:_ZN3mod3owr3OWR12HomewardWarpEv
0x1000,2,1724:_ZN21AnimPoseMainErrorInfo16drawErrorMessageEv
0x1000,2,180:bKururingFloorRelease
0x1000,2,18c:bPowerupblkCapture
0x1000,2,17c:bKururingFloorCaptureReturn
0x1000,2,21bc:_Z18checkChapterClearsPN4ttyd6evtmgr8EvtEntryEb
0x1000,4,0:_ZN18HeapCorruptionInfo10initBufferEv
0x1000,2,20b4:_ZN3mod4util10intToFloatEi
0x1000,2,12e4:_ZN3mod3owr12StateManagerC1Ev
0x1000,2,240:win_log_mapGX_arr
0x1000,2,1b0:bPowerupblkReleaseReturn
0x1000,10,a4:_ZN3mod3owr16koopsDescriptionE
0x1000,2,44:bMapGXArrIncrementReturn
0x1000,18,34:npcNameToPtrErrorInfoPtr
0x1000,18,24:g_animPoseMain_trampoline
0x1000,2,110c:_ZN3mod3owr3OWR6UpdateEv
0x1000,2,38:bMapGXArrInjectReturn
0x1000,18,44:relMgr
0x1000,2,48:bMapGXChSplit
0x1000,2,64:bWinLogArrInjectReturn
0x1000,10,b0:_ZN3mod3owr13goombellaNameE
0x1000,18,18:_ZN3mod3owr6gStateE
0x1000,2,74:bChapterClearCheck
0x1000,10,90:_ZN3mod3owr10vivianNameE
0x1000,18,28:g_npcNameToPtr_trampoline
0x1000,18,30:animPoseMainErrorInfoPtr
0x1000,18,38:errorTextPosY
0x1000,10,4:_ZN3mod3owr17main_buy_evt_hookE
0x1000,2,1f98:_ZN6RelMgr10runInitRelEv
0x1000,10,94:_ZN3mod3owr16yoshiDescriptionE
0x1000,2,1acc:cPreventDiaryTextboxOptionSelection
0x1000,2,174:bKururingFloorCapture
0x1000,18,c:_ZN3mod3owr25g_pouchGetItem_trampolineE
0x1000,2,1144:_ZN3mod3owr3OWR14OnModuleLoadedEP12OSModuleInfo
0x1000,2,22a8:_Z10freeMemoryPv
0x1000,2,1a00:_Z12autoMashTextN2gc3pad5PadIdE
0x1000,10,a8:_ZN3mod3owr9koopsNameE
0x1000,10,98:_ZN3mod3owr9yoshiNameE
0x1000,2,12e4:_ZN3mod3owr12StateManagerC2Ev
0x1000,2,188:bKururingFloorReleaseReturn
0x1000,2,1b4:bPeachPointer
0x1000,10,80:_ZN3mod3owr8mowzNameE
0x1000,2,1a4:bPowerupblkCaptureReturn
0x1000,18,1c:_ZN3mod3owr5gSelfE
0x1000,2,1a8:bPowerupblkRelease
0x1000,10,84:_ZN3mod3owr18bobberyDescriptionE
0x1000,18,3c:_ZN3mod27mPFN_marioStMain_trampolineE
0x1000,2,830:_ZN3mod3owr13msgSearchHookEPKc
0x1000,2,2218:checkShopFlag
0x1000,2,bc:bJohoyaSeqAddition
0x1000,10,64:_ZN3mod3owr23boatModeNameDescriptionE
0x1000,2,2050:_ZN3mod4util26checkButtonComboEveryFrameEj
0x1000,2,0:asmFixBlooperCrash1
0x1000,2,1d64:_ZN6RelMgr7loadRelEPKci
0x1000,2,3c:bMapGXArrIncrement
0x1000,10,78:_ZN3mod3owr21apItemNameDescriptionE
0x1000,2,19b0:_Z24preventAnimPoseMainCrashi
0x1000,10,88:_ZN3mod3owr11bobberyNameE
0x1000,2,130:bPrintPartyAddErrorFixReturn
0x1000,18,8:_ZN3mod3owr30g_partySetForceMove_trampolineE
0x1000,2,1e70:_ZN6RelMgr9unloadRelEv
0x1000,2,1c20:_ZN3mod11updateEarlyEv
0x1000,2,4dc:_ZN3mod3owr13checkIfInGameEv
0x1000,2,2004:_ZN3mod4util16checkButtonComboEj
0x1000,2,5c8:_ZN3mod3owr3OWR12RecieveItemsEv
0x1000,2,20e4:_ZN3mod4util25getTextMultilineIncrementEPKcfj
0x1000,10,ac:_ZN3mod3owr20goombellaDescriptionE
0x1000,10,74:_ZN3mod3owr23tenCoinsNameDescriptionE
0x1000,2,11c8:_ZN3mod3owr10OSLinkHookEP12OSModuleInfoPv
